#                                                               --- full sequence ---- --- best 1 domain ---- --- domain number estimation ----
# target name        accession  query name           accession    E-value  score  bias   E-value  score  bias   exp reg clu  ov env dom rep inc description of target
#------------------- ---------- -------------------- ---------- --------- ------ ----- --------- ------ -----   --- --- --- --- --- --- --- --- ---------------------
c_000000778845_1     -          PHB_aligned          -            2.4e-49  175.3   2.9   2.8e-49  175.0   2.9   1.0   1   0   0   1   1   1   1 # 2 # 781 # -1 # ID=778845_1;partial=10;start_type=ATG;rbs_motif=GGAG/GAGG;rbs_spacer=5-10bp;gc_cont=0.672
c_000000958262_2     -          PHB_aligned          -            1.4e-46  166.1   1.2   1.6e-46  166.0   1.2   1.0   1   0   0   1   1   1   1 # 328 # 990 # -1 # ID=958262_2;partial=01;start_type=Edge;rbs_motif=None;rbs_spacer=None;gc_cont=0.640
c_000000204267_4     -          PHB_aligned          -            5.4e-28  104.9   6.9   6.9e-28  104.5   6.9   1.0   1   0   0   1   1   1   1 # 3166 # 4350 # -1 # ID=204267_4;partial=00;start_type=GTG;rbs_motif=None;rbs_spacer=None;gc_cont=0.586
c_000000279781_3     -          PHB_aligned          -            1.2e-27  103.7  11.8   1.3e-27  103.6  11.0   1.4   1   1   0   1   1   1   1 # 771 # 2039 # 1 # ID=279781_3;partial=00;start_type=ATG;rbs_motif=None;rbs_spacer=None;gc_cont=0.559
c_000000529215_4     -          PHB_aligned          -            4.8e-27  101.8   0.1   5.9e-27  101.4   0.1   1.1   1   0   0   1   1   1   1 # 1012 # 1977 # 1 # ID=529215_4;partial=00;start_type=GTG;rbs_motif=GGA/GAG/AGG;rbs_spacer=5-10bp;gc_cont=0.466
c_000001133474_2     -          PHB_aligned          -              7e-26   97.9   2.2   8.8e-26   97.6   2.2   1.1   1   0   0   1   1   1   1 # 262 # 1425 # -1 # ID=1133474_2;partial=01;start_type=Edge;rbs_motif=None;rbs_spacer=None;gc_cont=0.353
c_000000890478_2     -          PHB_aligned          -            3.8e-25   95.5   1.3     1e-24   94.1   1.3   1.6   1   1   0   1   1   1   1 # 545 # 1453 # -1 # ID=890478_2;partial=00;start_type=ATG;rbs_motif=AGGAG/GGAGG;rbs_spacer=11-12bp;gc_cont=0.587
c_000001282588_1     -          PHB_aligned          -            5.3e-25   95.0   8.3   6.4e-25   94.7   8.3   1.0   1   0   0   1   1   1   1 # 3 # 731 # -1 # ID=1282588_1;partial=11;start_type=Edge;rbs_motif=None;rbs_spacer=None;gc_cont=0.454
c_000000436547_5     -          PHB_aligned          -            7.7e-25   94.5   6.7     9e-25   94.2   6.7   1.1   1   0   0   1   1   1   1 # 4246 # 5130 # 1 # ID=436547_5;partial=00;start_type=ATG;rbs_motif=GGA/GAG/AGG;rbs_spacer=5-10bp;gc_cont=0.708
c_000000463234_1     -          PHB_aligned          -            1.2e-24   93.8   0.0   1.5e-24   93.5   0.0   1.1   1   0   0   1   1   1   1 # 210 # 959 # 1 # ID=463234_1;partial=00;start_type=ATG;rbs_motif=AGGA/GGAG/GAGG;rbs_spacer=11-12bp;gc_cont=0.632
c_000000113048_13    -          PHB_aligned          -              2e-24   93.1   2.9   2.9e-24   92.6   2.9   1.3   1   0   0   1   1   1   1 # 10535 # 11530 # -1 # ID=113048_13;partial=00;start_type=GTG;rbs_motif=None;rbs_spacer=None;gc_cont=0.677
c_000000070189_1     -          PHB_aligned          -            2.3e-24   92.9   1.0   2.8e-24   92.6   1.0   1.1   1   0   0   1   1   1   1 # 3 # 725 # -1 # ID=70189_1;partial=10;start_type=ATG;rbs_motif=GGA/GAG/AGG;rbs_spacer=5-10bp;gc_cont=0.649
c_000000546805_1     -          PHB_aligned          -            5.7e-24   91.6   4.7   7.2e-24   91.3   4.7   1.0   1   0   0   1   1   1   1 # 3 # 485 # -1 # ID=546805_1;partial=11;start_type=Edge;rbs_motif=None;rbs_spacer=None;gc_cont=0.596
c_000000809395_1     -          PHB_aligned          -            1.2e-23   90.6   0.4   5.7e-18   71.8   0.9   2.7   2   1   0   2   2   2   2 # 1 # 1359 # -1 # ID=809395_1;partial=11;start_type=Edge;rbs_motif=None;rbs_spacer=None;gc_cont=0.649
c_000000440151_1     -          PHB_aligned          -            1.6e-23   90.2   6.4   1.6e-23   90.1   5.7   1.3   1   1   0   1   1   1   1 # 151 # 1374 # 1 # ID=440151_1;partial=00;start_type=ATG;rbs_motif=AGxAG;rbs_spacer=11-12bp;gc_cont=0.467
c_000001128756_3     -          PHB_aligned          -            2.5e-23   89.5   0.0   4.1e-23   88.8   0.0   1.3   1   1   0   1   1   1   1 # 2183 # 3103 # 1 # ID=1128756_3;partial=00;start_type=GTG;rbs_motif=GGAG/GAGG;rbs_spacer=5-10bp;gc_cont=0.658
c_000001129371_3     -          PHB_aligned          -            1.4e-22   87.0   7.1   2.7e-13   56.4   1.1   3.0   2   1   0   2   2   2   2 # 2410 # 4197 # -1 # ID=1129371_3;partial=00;start_type=ATG;rbs_motif=None;rbs_spacer=None;gc_cont=0.662
c_000000932471_1     -          PHB_aligned          -              4e-22   85.5   0.1   4.8e-22   85.3   0.1   1.1   1   0   0   1   1   1   1 # 1 # 822 # -1 # ID=932471_1;partial=10;start_type=ATG;rbs_motif=None;rbs_spacer=None;gc_cont=0.436
c_000000352322_3     -          PHB_aligned          -            5.4e-22   85.1   0.0   9.9e-22   84.2   0.0   1.4   1   1   0   1   1   1   1 # 4307 # 5215 # 1 # ID=352322_3;partial=00;start_type=ATG;rbs_motif=GGA/GAG/AGG;rbs_spacer=5-10bp;gc_cont=0.640
c_000000436222_8     -          PHB_aligned          -            1.7e-21   83.4   0.0   3.1e-21   82.6   0.0   1.4   1   1   0   1   1   1   1 # 8350 # 9489 # 1 # ID=436222_8;partial=00;start_type=ATG;rbs_motif=None;rbs_spacer=None;gc_cont=0.589
c_000000026214_2     -          PHB_aligned          -            2.2e-21   83.1   0.2   2.6e-21   82.8   0.2   1.1   1   0   0   1   1   1   1 # 763 # 1638 # -1 # ID=26214_2;partial=00;start_type=ATG;rbs_motif=None;rbs_spacer=None;gc_cont=0.441
c_000000187422_1     -          PHB_aligned          -            1.8e-20   80.1   2.3   3.1e-16   66.1   0.8   2.4   2   1   0   2   2   2   2 # 2 # 1078 # 1 # ID=187422_1;partial=10;start_type=Edge;rbs_motif=None;rbs_spacer=None;gc_cont=0.618
c_000000469559_5     -          PHB_aligned          -            3.2e-20   79.2   0.0   1.1e-19   77.4   0.0   1.7   1   1   0   1   1   1   1 # 1421 # 2437 # -1 # ID=469559_5;partial=00;start_type=ATG;rbs_motif=GGA/GAG/AGG;rbs_spacer=5-10bp;gc_cont=0.585
c_000000063057_4     -          PHB_aligned          -            1.6e-19   76.9   0.0   2.9e-19   76.1   0.0   1.4   1   1   0   1   1   1   1 # 2327 # 3007 # -1 # ID=63057_4;partial=01;start_type=Edge;rbs_motif=None;rbs_spacer=None;gc_cont=0.540
c_000000625270_1     -          PHB_aligned          -            3.7e-19   75.7   0.0   5.9e-19   75.1   0.0   1.2   1   0   0   1   1   1   1 # 2 # 931 # 1 # ID=625270_1;partial=10;start_type=Edge;rbs_motif=None;rbs_spacer=None;gc_cont=0.561
c_000000076576_1     -          PHB_aligned          -            7.3e-19   74.8   8.8   2.3e-13   56.7   0.4   2.4   2   1   0   2   2   2   2 # 1 # 1506 # -1 # ID=76576_1;partial=10;start_type=ATG;rbs_motif=None;rbs_spacer=None;gc_cont=0.677
c_000000287284_5     -          PHB_aligned          -            9.7e-19   74.4   0.1   2.1e-18   73.2   0.1   1.4   1   1   0   1   1   1   1 # 3832 # 4785 # -1 # ID=287284_5;partial=00;start_type=ATG;rbs_motif=GGAG/GAGG;rbs_spacer=5-10bp;gc_cont=0.687
c_000001106559_2     -          PHB_aligned          -              1e-18   74.3   0.0   1.4e-18   73.9   0.0   1.3   1   1   0   1   1   1   1 # 616 # 1686 # 1 # ID=1106559_2;partial=00;start_type=ATG;rbs_motif=AGGA;rbs_spacer=5-10bp;gc_cont=0.669
c_000000233994_3     -          PHB_aligned          -            1.1e-18   74.2   0.5   1.8e-18   73.5   0.5   1.3   1   1   0   1   1   1   1 # 1150 # 1941 # -1 # ID=233994_3;partial=00;start_type=ATG;rbs_motif=GGAG/GAGG;rbs_spacer=5-10bp;gc_cont=0.663
c_000001250591_2     -          PHB_aligned          -            2.2e-17   69.9   0.1   2.7e-17   69.6   0.1   1.1   1   0   0   1   1   1   1 # 255 # 1181 # 1 # ID=1250591_2;partial=00;start_type=ATG;rbs_motif=ATA;rbs_spacer=10bp;gc_cont=0.478
c_000000239536_1     -          PHB_aligned          -            3.3e-17   69.3   0.0   3.9e-17   69.1   0.0   1.0   1   0   0   1   1   1   1 # 2 # 526 # -1 # ID=239536_1;partial=11;start_type=Edge;rbs_motif=None;rbs_spacer=None;gc_cont=0.366
c_000000491660_1     -          PHB_aligned          -              9e-17   67.9   2.4   4.1e-07   36.0   0.1   2.2   1   1   1   2   2   2   2 # 3 # 1361 # -1 # ID=491660_1;partial=10;start_type=ATG;rbs_motif=GGA/GAG/AGG;rbs_spacer=5-10bp;gc_cont=0.556
c_000001112745_1     -          PHB_aligned          -            1.1e-16   67.6   0.0   2.1e-16   66.6   0.0   1.3   1   1   0   1   1   1   1 # 3 # 527 # 1 # ID=1112745_1;partial=11;start_type=Edge;rbs_motif=None;rbs_spacer=None;gc_cont=0.490
c_000000502321_2     -          PHB_aligned          -            1.2e-16   67.4   1.1   1.6e-16   67.0   0.3   1.4   1   1   0   1   1   1   1 # 1016 # 1978 # -1 # ID=502321_2;partial=00;start_type=ATG;rbs_motif=3Base/5BMM;rbs_spacer=13-15bp;gc_cont=0.479
c_000000323589_3     -          PHB_aligned          -            5.5e-16   65.3   1.1   5.5e-16   65.3   1.1   1.6   1   1   1   2   2   2   1 # 1791 # 2546 # 1 # ID=323589_3;partial=01;start_type=ATG;rbs_motif=AGGA/GGAG/GAGG;rbs_spacer=11-12bp;gc_cont=0.563
c_000000755697_1     -          PHB_aligned          -              8e-16   64.7   4.6   2.3e-15   63.2   4.6   1.7   1   1   0   1   1   1   1 # 1 # 687 # 1 # ID=755697_1;partial=10;start_type=Edge;rbs_motif=None;rbs_spacer=None;gc_cont=0.655
c_000000287284_4     -          PHB_aligned          -            9.1e-16   64.6   9.2   1.3e-15   64.0   9.2   1.2   1   0   0   1   1   1   1 # 1806 # 3815 # 1 # ID=287284_4;partial=00;start_type=ATG;rbs_motif=GGAGG;rbs_spacer=5-10bp;gc_cont=0.678
c_000000934154_1     -          PHB_aligned          -            1.7e-15   63.6   0.0   5.5e-15   62.0   0.0   1.7   1   1   0   1   1   1   1 # 71 # 793 # -1 # ID=934154_1;partial=01;start_type=Edge;rbs_motif=None;rbs_spacer=None;gc_cont=0.730
c_000000683694_2     -          PHB_aligned          -            1.7e-15   63.6   0.3   2.1e-15   63.4   0.3   1.1   1   0   0   1   1   1   1 # 450 # 1094 # 1 # ID=683694_2;partial=01;start_type=ATG;rbs_motif=AGGA/GGAG/GAGG;rbs_spacer=11-12bp;gc_cont=0.574
c_000000848886_1     -          PHB_aligned          -            2.3e-15   63.2   0.9   9.5e-15   61.2   0.9   1.7   1   1   0   1   1   1   1 # 39 # 977 # 1 # ID=848886_1;partial=00;start_type=ATG;rbs_motif=None;rbs_spacer=None;gc_cont=0.564
c_000000513508_3     -          PHB_aligned          -            3.1e-15   62.8   1.1   8.2e-15   61.4   1.1   1.6   1   1   0   1   1   1   1 # 840 # 1640 # -1 # ID=513508_3;partial=00;start_type=ATG;rbs_motif=GGAGG;rbs_spacer=5-10bp;gc_cont=0.729
c_000000243531_1     -          PHB_aligned          -            3.4e-15   62.7  11.7   6.7e-15   61.7   9.3   1.9   1   1   1   2   2   2   1 # 2 # 865 # -1 # ID=243531_1;partial=10;start_type=GTG;rbs_motif=None;rbs_spacer=None;gc_cont=0.495
c_000001229785_1     -          PHB_aligned          -            4.6e-15   62.2   0.2   5.2e-15   62.1   0.2   1.0   1   0   0   1   1   1   1 # 3 # 608 # -1 # ID=1229785_1;partial=11;start_type=Edge;rbs_motif=None;rbs_spacer=None;gc_cont=0.724
c_000001295510_1     -          PHB_aligned          -            5.1e-15   62.1   4.1   6.2e-14   58.5   4.1   1.9   1   1   0   1   1   1   1 # 2 # 961 # 1 # ID=1295510_1;partial=10;start_type=Edge;rbs_motif=None;rbs_spacer=None;gc_cont=0.675
c_000001292306_1     -          PHB_aligned          -            5.4e-15   62.0   0.1   6.8e-15   61.7   0.1   1.1   1   0   0   1   1   1   1 # 3 # 626 # -1 # ID=1292306_1;partial=11;start_type=Edge;rbs_motif=None;rbs_spacer=None;gc_cont=0.391
c_000000047290_11    -          PHB_aligned          -            9.8e-15   61.2   1.2   9.8e-15   61.2   1.2   2.0   1   1   1   2   2   2   1 # 7179 # 8444 # 1 # ID=47290_11;partial=00;start_type=ATG;rbs_motif=None;rbs_spacer=None;gc_cont=0.715
c_000000283647_1     -          PHB_aligned          -              1e-14   61.1   1.5   1.2e-14   60.8   1.5   1.2   1   1   0   1   1   1   1 # 1 # 750 # 1 # ID=283647_1;partial=10;start_type=Edge;rbs_motif=None;rbs_spacer=None;gc_cont=0.492
c_000000301798_2     -          PHB_aligned          -            1.1e-14   61.0   9.3   8.5e-14   58.1   9.7   1.8   1   1   1   2   2   2   1 # 406 # 1389 # 1 # ID=301798_2;partial=01;start_type=ATG;rbs_motif=AGxAG;rbs_spacer=3-4bp;gc_cont=0.494
c_000000323414_5     -          PHB_aligned          -            1.6e-14   60.4   0.8   2.1e-14   60.0   0.8   1.1   1   0   0   1   1   1   1 # 3375 # 3995 # 1 # ID=323414_5;partial=01;start_type=ATG;rbs_motif=GGA/GAG/AGG;rbs_spacer=5-10bp;gc_cont=0.734
c_000000798139_1     -          PHB_aligned          -            2.3e-14   59.9   0.1   2.3e-14   59.9   0.1   1.0   1   0   0   1   1   1   1 # 307 # 606 # 1 # ID=798139_1;partial=01;start_type=ATG;rbs_motif=None;rbs_spacer=None;gc_cont=0.610
c_000001143335_1     -          PHB_aligned          -            5.2e-14   58.8   0.0   5.4e-14   58.7   0.0   1.0   1   0   0   1   1   1   1 # 3 # 485 # -1 # ID=1143335_1;partial=10;start_type=ATG;rbs_motif=None;rbs_spacer=None;gc_cont=0.458
c_000000803408_1     -          PHB_aligned          -            5.9e-14   58.6   0.3     6e-14   58.5   0.3   1.1   1   0   0   1   1   1   1 # 1 # 456 # 1 # ID=803408_1;partial=11;start_type=Edge;rbs_motif=None;rbs_spacer=None;gc_cont=0.436
c_000001269840_1     -          PHB_aligned          -            7.7e-14   58.2   8.9   9.5e-14   57.9   8.9   1.1   1   0   0   1   1   1   1 # 2 # 1396 # -1 # ID=1269840_1;partial=10;start_type=ATG;rbs_motif=GGAG/GAGG;rbs_spacer=5-10bp;gc_cont=0.631
c_000000044040_1     -          PHB_aligned          -            1.2e-13   57.6  12.2   1.2e-13   57.6  12.2   2.2   2   1   0   2   2   2   1 # 3 # 2408 # 1 # ID=44040_1;partial=10;start_type=Edge;rbs_motif=None;rbs_spacer=None;gc_cont=0.399
c_000000449353_1     -          PHB_aligned          -            1.3e-13   57.4   0.4   1.6e-13   57.1   0.4   1.1   1   0   0   1   1   1   1 # 1 # 678 # 1 # ID=449353_1;partial=10;start_type=Edge;rbs_motif=None;rbs_spacer=None;gc_cont=0.440
c_000000066398_1     -          PHB_aligned          -            1.4e-13   57.3   2.6   2.3e-12   53.3   2.6   1.9   1   1   0   1   1   1   1 # 3 # 677 # 1 # ID=66398_1;partial=10;start_type=Edge;rbs_motif=None;rbs_spacer=None;gc_cont=0.646
c_000000301605_2     -          PHB_aligned          -            1.8e-13   57.0   2.1   1.8e-13   57.0   2.1   2.1   1   1   1   2   2   1   1 # 678 # 1742 # -1 # ID=301605_2;partial=00;start_type=GTG;rbs_motif=None;rbs_spacer=None;gc_cont=0.493
c_000001053943_1     -          PHB_aligned          -            2.3e-13   56.6   0.0     3e-13   56.3   0.0   1.1   1   0   0   1   1   1   1 # 1 # 501 # 1 # ID=1053943_1;partial=11;start_type=Edge;rbs_motif=None;rbs_spacer=None;gc_cont=0.495
c_000000090388_3     -          PHB_aligned          -            2.4e-13   56.6   0.1   3.2e-13   56.1   0.1   1.2   1   0   0   1   1   1   1 # 1648 # 4245 # -1 # ID=90388_3;partial=00;start_type=ATG;rbs_motif=AGGA;rbs_spacer=5-10bp;gc_cont=0.553
c_000000882099_6     -          PHB_aligned          -            3.2e-13   56.2   0.0   5.2e-13   55.5   0.0   1.3   1   1   0   1   1   1   1 # 6777 # 7484 # 1 # ID=882099_6;partial=00;start_type=ATG;rbs_motif=GGAG/GAGG;rbs_spacer=5-10bp;gc_cont=0.699
c_000000427588_1     -          PHB_aligned          -            5.1e-13   55.5   7.7   1.2e-12   54.2   7.7   1.7   1   1   0   1   1   1   1 # 22 # 918 # -1 # ID=427588_1;partial=01;start_type=Edge;rbs_motif=None;rbs_spacer=None;gc_cont=0.491
c_000000065214_1     -          PHB_aligned          -            5.4e-13   55.4   0.2     7e-13   55.0   0.2   1.2   1   0   0   1   1   1   1 # 2 # 1303 # 1 # ID=65214_1;partial=11;start_type=Edge;rbs_motif=None;rbs_spacer=None;gc_cont=0.446
c_000000967259_1     -          PHB_aligned          -            6.3e-13   55.2   0.5     1e-12   54.5   0.5   1.4   1   1   0   1   1   1   1 # 1 # 906 # -1 # ID=967259_1;partial=00;start_type=GTG;rbs_motif=AACAA;rbs_spacer=13bp;gc_cont=0.481
#
# Program:         hmmsearch
# Version:         3.3.2 (Nov 2020)
# Pipeline mode:   SEARCH
# Query file:      /Users/u0145079/Library/CloudStorage/OneDrive-KULeuven/Desktop/PlasticDaphnia/Plastic_tool/Plastic_tool/motifs/phb.hmm
# Target file:     ./temps/contigs-fixed.faa
# Option settings: hmmsearch --tblout /Users/u0145079/Library/CloudStorage/OneDrive-KULeuven/Desktop/PlasticDaphnia/Plastic_tool/Plastic_tool/temps/phb/contigs-fixed.fa_phb_HMMER.out -T 55.0 --tformat fasta /Users/u0145079/Library/CloudStorage/OneDrive-KULeuven/Desktop/PlasticDaphnia/Plastic_tool/Plastic_tool/motifs/phb.hmm ./temps/contigs-fixed.faa 
# Current dir:     /Users/u0145079/Library/CloudStorage/OneDrive-KULeuven/Desktop/PlasticDaphnia/Plastic_tool/Plastic_tool
# Date:            Mon Jul  3 16:46:00 2023
# [ok]
