# hmmsearch :: search profile(s) against a sequence database
# HMMER 3.3.2 (Nov 2020); http://hmmer.org/
# Copyright (C) 2020 Howard Hughes Medical Institute.
# Freely distributed under the BSD open source license.
# - - - - - - - - - - - - - - - - - - - - - - - - - - - - - - - - - - - -
# query HMM file:                  /Users/u0145079/Library/CloudStorage/OneDrive-KULeuven/Desktop/PlasticDaphnia/Plastic_tool/Plastic_tool/motifs/pcl.hmm
# target sequence database:        ./temps/contigs-fixed.faa
# per-seq hits tabular output:     /Users/u0145079/Library/CloudStorage/OneDrive-KULeuven/Desktop/PlasticDaphnia/Plastic_tool/Plastic_tool/temps/pcl/contigs-fixed.fa_pcl_HMMER.out
# sequence reporting threshold:    score >= 60
# targ <seqfile> format asserted:  fasta
# - - - - - - - - - - - - - - - - - - - - - - - - - - - - - - - - - - - -

Query:       PCL_aligment  [M=249]
Scores for complete sequences (score includes all domains):
   --- full sequence ---   --- best 1 domain ---    -#dom-
    E-value  score  bias    E-value  score  bias    exp  N  Sequence         Description
    ------- ------ -----    ------- ------ -----   ---- --  --------         -----------
    1.6e-16   67.5   0.1    2.3e-16   66.9   0.1    1.2  1  c_000000396760_2  # 85 # 747 # -1 # ID=396760_2;partial=00;st
    1.4e-14   61.1   0.9    1.6e-14   60.9   0.9    1.0  1  c_000000353011_1  # 3 # 335 # -1 # ID=353011_1;partial=11;sta


Domain annotation for each sequence (and alignments):
>> c_000000396760_2  # 85 # 747 # -1 # ID=396760_2;partial=00;start_type=ATG;rbs_motif=None;rbs_spacer=None;gc_cont=0.64
   #    score  bias  c-Evalue  i-Evalue hmmfrom  hmm to    alifrom  ali to    envfrom  env to     acc
 ---   ------ ----- --------- --------- ------- -------    ------- -------    ------- -------    ----
   1 !   66.9   0.1   2.5e-22   2.3e-16      55     206 ..      34     185 ..       8     210 .. 0.83

  Alignments for each domain:
  == domain 1  score: 66.9 bits;  conditional E-value: 2.5e-22
      PCL_aligment  55 cqkvvfivarGtteagslGevgptlaskLksalgangvvvqgvdtkYtaglksnalpldqsaqaiaeilaavkealaqkcPntklivtGySqG 147
                       c++v +++arG  e+ + G+vg++  ++L++ +  +++ +++vd  Y+a++++         q+++++ +++++++a  cP+t+l+++GyS G
  c_000000396760_2  34 CPDVEVVFARGRIEPPGAGQVGEAFVNALRARTD-QSIGFYAVD--YPADIEV--------IQGANDMSRHIQSMAA-NCPDTRLVLGGYSLG 114
                       9*******************************77.59******7..9****99........3679************.6************** PP

      PCL_aligment 148 aavalnaieqldta...........iadkikgvvlfgdpdk.tq.ergklpsspkakvlvfcakgDlVcdns 206
                       aav+  ++   ++            + d i++v lfg+    +   +  +    ++k++++c + D Vc+n 
  c_000000396760_2 115 AAVTDVVVAV-PAPifgytnplplgMDDHIAAVALFGNGTRkVLgPVSDISPLYGDKTIDLCTADDPVCNNN 185
                       ***9877654.32123444577777************965523223455544459**************886 PP

>> c_000000353011_1  # 3 # 335 # -1 # ID=353011_1;partial=11;start_type=Edge;rbs_motif=None;rbs_spacer=None;gc_cont=0.63
   #    score  bias  c-Evalue  i-Evalue hmmfrom  hmm to    alifrom  ali to    envfrom  env to     acc
 ---   ------ ----- --------- --------- ------- -------    ------- -------    ------- -------    ----
   1 !   60.9   0.9   1.7e-20   1.6e-14      69     177 ..       3     104 ..       1     109 [. 0.89

  Alignments for each domain:
  == domain 1  score: 60.9 bits;  conditional E-value: 1.7e-20
      PCL_aligment  69 agslGevgptlaskLksalgangvvvqgvdtkYtaglksnalpldqsaqaiaeilaavkealaqkcPntklivtGySqGaavalnaieqldta 161
                       a +lG vg++  ++L+s++g+ ++  ++v+  Y+a+ +  a    + +++ +++ a+++  +a+ cPnt+++++GySqGa v+  + ++++ a
  c_000000353011_1   3 ASGLGDVGEAFVDSLTSQVGGRSIGDYAVN--YPASDDYRA----SASNGSDDASAHIQRTVAS-CPNTRIVLGGYSQGATVIDLSTSAMPPA 88 
                       568999***********************7..677655534....456778************6.**************************** PP

      PCL_aligment 162 iadkikgvvlfgdpdk 177
                       +ad +++v lfg+p  
  c_000000353011_1  89 VADLVAAVALFGEPSS 104
                       *************976 PP



Internal pipeline statistics summary:
-------------------------------------
Query model(s):                            1  (249 nodes)
Target sequences:                    1858951  (265418497 residues searched)
Passed MSV filter:                     64486  (0.0346895); expected 37179.0 (0.02)
Passed bias filter:                    44311  (0.0238366); expected 37179.0 (0.02)
Passed Vit filter:                      5102  (0.00274456); expected 1859.0 (0.001)
Passed Fwd filter:                       583  (0.000313618); expected 18.6 (1e-05)
Initial search space (Z):            1858951  [actual number of targets]
Domain search space  (domZ):               2  [number of targets reported over threshold]
# CPU time: 4.80u 0.15s 00:00:04.95 Elapsed: 00:00:01.78
# Mc/sec: 37111.94
//
[ok]
