
        ==========     _____ _    _ ____  _____  ______          _____  
        =====         / ____| |  | |  _ \|  __ \|  ____|   /\   |  __ \ 
          =====      | (___ | |  | | |_) | |__) | |__     /  \  | |  | |
            ====      \___ \| |  | |  _ <|  _  /|  __|   / /\ \ | |  | |
              ====    ____) | |__| | |_) | | \ \| |____ / ____ \| |__| |
        ==========   |_____/ \____/|____/|_|  \_\______/_/    \_\_____/
	  v2.0.1

//========================== featureCounts setting ===========================\\
||                                                                            ||
||             Input files : 1 BAM file                                       ||
||                           o GC125668.bam                                   ||
||                                                                            ||
||             Output file : ab-hydrolase_GC125668.bam_counts.out             ||
||                 Summary : ab-hydrolase_GC125668.bam_counts.out.summary     ||
||              Annotation : contigs-fixed.saf (SAF)                          ||
||      Dir for temp files : /home/jasper/OneDrive/Thesis/Plastic_tool/te ... ||
||                                                                            ||
||                 Threads : 1                                                ||
||                   Level : meta-feature level                               ||
||              Paired-end : no                                               ||
||      Multimapping reads : not counted                                      ||
|| Multi-overlapping reads : not counted                                      ||
||   Min overlapping bases : 1                                                ||
||                                                                            ||
\\============================================================================//

//================================= Running ==================================\\
||                                                                            ||
|| Load annotation file contigs-fixed.saf ...                                 ||
||    Features : 2702                                                         ||
||    Meta-features : 2702                                                    ||
||    Chromosomes/contigs : 2669                                              ||
||                                                                            ||
|| Process BAM file GC125668.bam...                                           ||
||    WARNING: Paired-end reads were found.                                   ||
||    Total alignments : 9055246                                              ||
||    Successfully assigned alignments : 4969 (0.1%)                          ||
||    Running time : 0.19 minutes                                             ||
||                                                                            ||
|| Write the final count table.                                               ||
|| Write the read assignment summary.                                         ||
||                                                                            ||
|| Summary of counting results can be found in file "/home/jasper/OneDrive/T  ||
|| hesis/Plastic_tool/temps/ab-hydrolase/ab-hydrolase_GC125668.bam_counts.ou  ||
|| t.summary"                                                                 ||
||                                                                            ||
\\============================================================================//

