# hmmsearch :: search profile(s) against a sequence database
# HMMER 3.3.2 (Nov 2020); http://hmmer.org/
# Copyright (C) 2020 Howard Hughes Medical Institute.
# Freely distributed under the BSD open source license.
# - - - - - - - - - - - - - - - - - - - - - - - - - - - - - - - - - - - -
# query HMM file:                  /Users/u0145079/Library/CloudStorage/OneDrive-KULeuven/Desktop/PlasticDaphnia/Plastic_tool/Plastic_tool/motifs/pbsa.hmm
# target sequence database:        ./temps/contigs-fixed.faa
# per-seq hits tabular output:     /Users/u0145079/Library/CloudStorage/OneDrive-KULeuven/Desktop/PlasticDaphnia/Plastic_tool/Plastic_tool/temps/pbsa/contigs-fixed.fa_pbsa_HMMER.out
# sequence reporting threshold:    score >= 62
# targ <seqfile> format asserted:  fasta
# - - - - - - - - - - - - - - - - - - - - - - - - - - - - - - - - - - - -

Query:       result  [M=235]
Scores for complete sequences (score includes all domains):
   --- full sequence ---   --- best 1 domain ---    -#dom-
    E-value  score  bias    E-value  score  bias    exp  N  Sequence         Description
    ------- ------ -----    ------- ------ -----   ---- --  --------         -----------
    5.2e-22   85.5   0.0    6.3e-22   85.3   0.0    1.0  1  c_000000276986_1  # 1 # 609 # 1 # ID=276986_1;partial=10;star
    2.2e-17   70.4   0.0    3.1e-17   69.9   0.0    1.2  1  c_000001042547_1  # 3 # 566 # -1 # ID=1042547_1;partial=10;st
    5.7e-17   69.0   0.0    8.2e-17   68.5   0.0    1.1  1  c_000001038898_1  # 2 # 544 # -1 # ID=1038898_1;partial=10;st
    3.3e-15   63.3   0.0    3.9e-15   63.0   0.0    1.0  1  c_000000251918_2  # 796 # 1419 # 1 # ID=251918_2;partial=00;s
    5.3e-15   62.6   0.0    5.9e-15   62.5   0.0    1.0  1  c_000000623838_1  # 30 # 599 # -1 # ID=623838_1;partial=00;st


Domain annotation for each sequence (and alignments):
>> c_000000276986_1  # 1 # 609 # 1 # ID=276986_1;partial=10;start_type=Edge;rbs_motif=None;rbs_spacer=None;gc_cont=0.739
   #    score  bias  c-Evalue  i-Evalue hmmfrom  hmm to    alifrom  ali to    envfrom  env to     acc
 ---   ------ ----- --------- --------- ------- -------    ------- -------    ------- -------    ----
   1 !   85.3   0.0   1.7e-27   6.3e-22      29     228 ..       3     189 ..       1     194 [. 0.88

  Alignments for each domain:
  == domain 1  score: 85.3 bits;  conditional E-value: 1.7e-27
            result  29 lilvhGftepqkssiekirtmaerlksaasGltvyvvqlsgflsqnsaaavaqivalleqglakvrtplnpatrvalmGySqGgaaslvaaqq 121
                       l+++hGf+++++s   k+ +++++l+ +++++t +++ql+++    + aa +    l+eqg a+  +p+      a++G+S+Gg +++  a +
  c_000000276986_1   3 LLYLHGFRSSPQS--FKALRLQSWLATHRPDVTWWCPQLPPS----PRAAFE----LVEQGTAA--WPA---AGAAVVGSSLGGFYATALAHR 80 
                       89*********99..69*************************....666655....45667888..555...7779***************** PP

            result 122 lsfdavkgvvligppeekselaanvdge..........atlraegslslaaagevasgptsktldvcatgdgvcdvlqdelvdkas.lar... 200
                        +    +  + ++p++ +++++a ++ge          +++r+e++++l+a  ++a   +++tl+ +a g        de++d+++  +r   
  c_000000276986_1  81 RG----WRCAVVNPAVDPARDLAAHIGEltayhdpaerFFFRPEFIDELRALAVPAPADPARTLALVAKG--------DEVLDWREmSVRyag 161
                       *7....****************************************************************........99****996666776 PP

            result 201 .efgviikwqHlseadqaavqkkgaaflk 228
                           ++++++H+++ d++a  +  + fl+
  c_000000276986_1 162 aSLRLVEGSDHALS-DFDAHLPALLGFLG 189
                       44567*******98.87555477666665 PP

>> c_000001042547_1  # 3 # 566 # -1 # ID=1042547_1;partial=10;start_type=ATG;rbs_motif=None;rbs_spacer=None;gc_cont=0.61
   #    score  bias  c-Evalue  i-Evalue hmmfrom  hmm to    alifrom  ali to    envfrom  env to     acc
 ---   ------ ----- --------- --------- ------- -------    ------- -------    ------- -------    ----
   1 !   69.9   0.0   8.2e-23   3.1e-17      25     202 ..       7     176 ..       2     187 .. 0.81

  Alignments for each domain:
  == domain 1  score: 69.9 bits;  conditional E-value: 8.2e-23
            result  25 peyvlilvhGftepqkssiekirtmaerlksaasGltvyvvqlsgflsqnsaaavaqivalleqglakvrtplnpatrvalmGySqGgaaslv 117
                       p++ ++++hGf++++ s   k+r ++ +l+++ + ++  ++ql+++ +q     +a+++ +    +        p + +a+mG+S+Gg +++ 
  c_000001042547_1   7 PTH-VLYLHGFRSSPLS--AKARFVGAWLAQHHPEVVWCCPQLPAS-PQ----QSADLMMQ---RVHD-----WPRQTMAVMGSSLGGFYATW 83 
                       667.99*********99..58************************9.43....34444444...2334.....678999************** PP

            result 118 aaqqlsfdavkgvvligppeekselaanvdge..........atlraegslslaaag.evasgptsktldvcatgdgvcdvlq.delvdkasl 198
                       +a+ql+       vl++p++++++++an++ge            + ++++++l+a   +  + + +++ d +    + +  +  de++d+ ++
  c_000001042547_1  84 VAAQLG----CLGVLLNPAVHPARDLANHIGEhpswhnpedsIYFDPAFIDELKALYvGAGLKWLDAPADGADAKRLLAVIATgDEVLDWQEM 172
                       *****7....34589***************************8889999999999885455566677766666666666666669******98 PP

            result 199 aref 202
                       a+  
  c_000001042547_1 173 AARY 176
                       7754 PP

>> c_000001038898_1  # 2 # 544 # -1 # ID=1038898_1;partial=10;start_type=ATG;rbs_motif=None;rbs_spacer=None;gc_cont=0.62
   #    score  bias  c-Evalue  i-Evalue hmmfrom  hmm to    alifrom  ali to    envfrom  env to     acc
 ---   ------ ----- --------- --------- ------- -------    ------- -------    ------- -------    ----
   1 !   68.5   0.0   2.2e-22   8.2e-17      29     201 ..      10     175 ..       5     180 .. 0.86

  Alignments for each domain:
  == domain 1  score: 68.5 bits;  conditional E-value: 2.2e-22
            result  29 lilvhGftepqkssiekirtmaerlksaasGltvyvvqlsgflsqnsaaavaqivalleqglakvrtplnpatrvalmGySqGgaaslvaaqq 121
                       ++++hGf++++ s   k+r ++ +l+++ ++++  ++ql+++    +++  a ++ +    +        p + +a+mG+S+Gg +++  a+q
  c_000001038898_1  10 VLYLHGFRSSPHS--AKARFVGAWLAQHHPDVVWCCPQLPAS----PQQSAALMLQR----VHD-----WPRQTMAVMGSSLGGFYATWLAAQ 87 
                       79*********99..58*************************....44444444444....344.....577899****************** PP

            result 122 lsfdavkgvvligppeekselaanvdge..........atlraegslslaaag.evasgptsktldvcatgdgvcdvlq.delvdkaslare 201
                       l+       vl++p++++++++ n++ge            + ++++++l+a + +  +++ +++ d +    + +  +  de++d+ ++a+ 
  c_000001038898_1  88 LG----CTGVLLNPAVHPARDLTNHIGEhpswhnpddrVHFDPAFIDELKAWSvGAGLTWLDAPADGADAKRLLAVIATgDEVLDWQEMAAR 175
                       *7....67799***************************8899*********99766678999988888888777777778*******98764 PP

>> c_000000251918_2  # 796 # 1419 # 1 # ID=251918_2;partial=00;start_type=ATG;rbs_motif=GGAG/GAGG;rbs_spacer=5-10bp;gc_c
   #    score  bias  c-Evalue  i-Evalue hmmfrom  hmm to    alifrom  ali to    envfrom  env to     acc
 ---   ------ ----- --------- --------- ------- -------    ------- -------    ------- -------    ----
   1 !   63.0   0.0   1.1e-20   3.9e-15      22     216 ..       7     194 ..       3     207 .. 0.79

  Alignments for each domain:
  == domain 1  score: 63.0 bits;  conditional E-value: 1.1e-20
            result  22 pacpeyvlilvhGftepqkssiekirtmaerlksaasGltvyvvqlsgflsqnsaaavaqivalleqglakvrtplnpatrvalmGySqGgaa 114
                        a+ ++ ++++hGf+++++s   k++ +a++lk++++++   ++ql+++    ++aa++ ++ +    + +      p+ ++a+mG+S+Gg +
  c_000000251918_2   7 VAAITH-VVYAHGFRSSPQS--FKAQFIAKWLKQHRPDVQWFCPQLPAS----PQAASELLLNA----VHA-----WPKASMAVMGSSLGGFY 83 
                       567777.9**********99..69*************************....9*******999....555.....6889************9 PP

            result 115 slvaaqqlsfdavkgvvligppeekselaanvdge..........atlraegslslaaag.evasgptsktldvcatgdgvcdvlqdelvdka 196
                       ++   ++  +      vl++p++++++++   +g             + +  +++l+a   + as  +s++ d      +v+++  de++++ 
  c_000000251918_2  84 ATWLGAVM-Q---CKTVLLNPAVHPARDLVGYIGTqsawhnpdeaVVFEPHYIDELKALYvGQASKDVSALPDPTQLLNVVATG--DEVLSWK 170
                       98655555.2...34789**************************9677788888887776545555555555555555444444..78***** PP

            result 197 slar.....efgviikwqHlseadq 216
                       ++++     +  +i++++H  + d+
  c_000000251918_2 171 EMVArypfaQLHLIEGSDHGIS-DF 194
                       *555498877788999999665.55 PP

>> c_000000623838_1  # 30 # 599 # -1 # ID=623838_1;partial=00;start_type=ATG;rbs_motif=None;rbs_spacer=None;gc_cont=0.43
   #    score  bias  c-Evalue  i-Evalue hmmfrom  hmm to    alifrom  ali to    envfrom  env to     acc
 ---   ------ ----- --------- --------- ------- -------    ------- -------    ------- -------    ----
   1 !   62.5   0.0   1.6e-20   5.9e-15      29     228 ..       2     187 ..       1     189 [. 0.88

  Alignments for each domain:
  == domain 1  score: 62.5 bits;  conditional E-value: 1.6e-20
            result  29 lilvhGftepqkssiekirtmaerlksaasGltvyvvqlsgflsqnsaaavaqivalleqglakvrtplnpatrvalmGySqGgaaslvaaqq 121
                       ++++hGf+++++s   k+r m    +++     ++++ql+++    +aaa+  i+ +       +++ +   + + ++G+S+Gg +++  a++
  c_000000623838_1   2 ILYLHGFRSSPQS--YKARMMRAHCAAHEKLDQFICPQLPAS----PAAAMHMIENI-------ASQYA--VQTLTVVGSSLGGYYATALAEK 79 
                       89********999..699999999888877789*********....9*********9.......55655..67789***************** PP

            result 122 lsfdavkgvvligppeekselaanvdge.........atlraegslslaaagevasgptsktldvcatgdgvcdvlqdelvdkaslar..... 200
                        +      +vl++p++++++++  ++ge         + +++e + +l a  ++  ++++++  ++atg        de++d+  +       
  c_000000623838_1  80 IG----CKAVLLNPAVRPAQDLQDHIGElttwhsnepFEFKPEYIAELEAIAVNNITRPERYFLIAATG--------DEVLDWQTMTDhyqga 160
                       *7....6799***************************99******************************........7777776654444444 PP

            result 201 efgviikwqHlseadqaavqkkgaaflk 228
                          vi++++H ++ d+ + + +++af +
  c_000000623838_1 161 RQRVINGSDHGLS-DFEHYIDEVIAFCG 187
                       55789*****997.99**9999999975 PP



Internal pipeline statistics summary:
-------------------------------------
Query model(s):                            1  (235 nodes)
Target sequences:                    1858951  (265418497 residues searched)
Passed MSV filter:                     65821  (0.0354076); expected 37179.0 (0.02)
Passed bias filter:                    44581  (0.0239818); expected 37179.0 (0.02)
Passed Vit filter:                      6584  (0.00354178); expected 1859.0 (0.001)
Passed Fwd filter:                      2219  (0.00119368); expected 18.6 (1e-05)
Initial search space (Z):            1858951  [actual number of targets]
Domain search space  (domZ):               5  [number of targets reported over threshold]
# CPU time: 6.44u 0.17s 00:00:06.61 Elapsed: 00:00:02.60
# Mc/sec: 23960.88
//
[ok]
