#                                                               --- full sequence ---- --- best 1 domain ---- --- domain number estimation ----
# target name        accession  query name           accession    E-value  score  bias   E-value  score  bias   exp reg clu  ov env dom rep inc description of target
#------------------- ---------- -------------------- ---------- --------- ------ ----- --------- ------ -----   --- --- --- --- --- --- --- --- ---------------------
c_000000635020_1     -          result               -            5.4e-31  114.5   1.1   2.2e-30  112.5   1.1   1.8   1   1   0   1   1   1   1 # 1 # 1287 # 1 # ID=635020_1;partial=10;start_type=Edge;rbs_motif=None;rbs_spacer=None;gc_cont=0.660
c_000000530775_1     -          result               -            7.7e-31  114.0   2.6   2.8e-30  112.1   2.6   1.8   1   1   0   1   1   1   1 # 1 # 1197 # 1 # ID=530775_1;partial=10;start_type=Edge;rbs_motif=None;rbs_spacer=None;gc_cont=0.709
c_000000897587_2     -          result               -            4.2e-27  101.6   3.1     2e-26   99.4   3.1   2.0   1   1   0   1   1   1   1 # 1086 # 2381 # -1 # ID=897587_2;partial=00;start_type=ATG;rbs_motif=None;rbs_spacer=None;gc_cont=0.705
c_000000990472_3     -          result               -            3.7e-24   91.9   5.6   7.4e-24   91.0   5.6   1.4   1   1   0   1   1   1   1 # 616 # 1881 # -1 # ID=990472_3;partial=00;start_type=ATG;rbs_motif=GGAGG;rbs_spacer=5-10bp;gc_cont=0.645
c_000001161680_1     -          result               -            8.8e-24   90.7   4.9   3.7e-23   88.6   4.9   1.7   1   1   0   1   1   1   1 # 3 # 1025 # 1 # ID=1161680_1;partial=10;start_type=Edge;rbs_motif=None;rbs_spacer=None;gc_cont=0.632
c_000000861357_3     -          result               -            8.6e-22   84.1   5.4   1.6e-13   56.9   1.6   2.5   1   1   1   2   2   2   2 # 744 # 2006 # -1 # ID=861357_3;partial=01;start_type=Edge;rbs_motif=None;rbs_spacer=None;gc_cont=0.545
c_000000675350_1     -          result               -            1.3e-21   83.5   4.8   6.3e-14   58.2   1.3   2.5   1   1   1   2   2   2   2 # 2 # 1234 # 1 # ID=675350_1;partial=10;start_type=Edge;rbs_motif=None;rbs_spacer=None;gc_cont=0.547
c_000001035750_1     -          result               -            2.7e-20   79.2   3.2   3.4e-20   78.9   3.2   1.1   1   0   0   1   1   1   1 # 2 # 1186 # -1 # ID=1035750_1;partial=10;start_type=GTG;rbs_motif=None;rbs_spacer=None;gc_cont=0.684
c_000000124170_2     -          result               -            3.7e-20   78.8   0.0   9.4e-20   77.4   0.0   1.6   1   1   0   1   1   1   1 # 299 # 1204 # 1 # ID=124170_2;partial=01;start_type=ATG;rbs_motif=ATA;rbs_spacer=8bp;gc_cont=0.487
c_000000385140_1     -          result               -              6e-20   78.1  11.4   6.6e-18   71.3  11.4   2.1   1   1   0   1   1   1   1 # 2 # 1405 # 1 # ID=385140_1;partial=10;start_type=Edge;rbs_motif=None;rbs_spacer=None;gc_cont=0.720
c_000000571405_1     -          result               -            6.7e-20   77.9   2.0   1.8e-14   60.1   0.2   2.1   2   0   0   2   2   2   2 # 1 # 1428 # 1 # ID=571405_1;partial=10;start_type=Edge;rbs_motif=None;rbs_spacer=None;gc_cont=0.535
c_000000390895_1     -          result               -            1.2e-19   77.0   3.7   6.4e-14   58.2   1.9   2.1   2   0   0   2   2   2   2 # 2 # 1471 # 1 # ID=390895_1;partial=10;start_type=Edge;rbs_motif=None;rbs_spacer=None;gc_cont=0.562
c_000000884680_3     -          result               -            1.5e-19   76.7   4.9     4e-19   75.4   4.9   1.5   1   1   0   1   1   1   1 # 1928 # 2995 # -1 # ID=884680_3;partial=01;start_type=Edge;rbs_motif=None;rbs_spacer=None;gc_cont=0.685
c_000000584161_1     -          result               -            4.5e-19   75.2   0.0   1.6e-18   73.4   0.0   1.7   1   1   0   1   1   1   1 # 2 # 838 # -1 # ID=584161_1;partial=10;start_type=ATG;rbs_motif=None;rbs_spacer=None;gc_cont=0.713
c_000000829817_2     -          result               -            7.1e-18   71.2   7.8   3.2e-12   52.6   2.5   2.8   1   1   1   2   2   2   2 # 431 # 1885 # -1 # ID=829817_2;partial=00;start_type=ATG;rbs_motif=None;rbs_spacer=None;gc_cont=0.523
c_000000836098_1     -          result               -              1e-17   70.7   1.9   7.9e-17   67.8   1.9   2.2   1   1   0   1   1   1   1 # 235 # 1587 # -1 # ID=836098_1;partial=00;start_type=ATG;rbs_motif=None;rbs_spacer=None;gc_cont=0.706
c_000000740152_1     -          result               -            1.1e-17   70.6   0.0   1.4e-17   70.3   0.0   1.0   1   0   0   1   1   1   1 # 2 # 661 # 1 # ID=740152_1;partial=11;start_type=Edge;rbs_motif=None;rbs_spacer=None;gc_cont=0.668
c_000000043716_9     -          result               -              4e-17   68.8   4.2   1.2e-15   64.0   4.2   2.3   1   1   0   1   1   1   1 # 9490 # 10854 # 1 # ID=43716_9;partial=00;start_type=ATG;rbs_motif=GGAGG;rbs_spacer=5-10bp;gc_cont=0.707
c_000000611334_3     -          result               -            1.6e-16   66.8   0.3     2e-16   66.5   0.3   1.1   1   0   0   1   1   1   1 # 2064 # 2720 # 1 # ID=611334_3;partial=01;start_type=ATG;rbs_motif=None;rbs_spacer=None;gc_cont=0.568
c_000000079093_1     -          result               -            1.7e-16   66.7   0.2   1.9e-16   66.5   0.2   1.0   1   0   0   1   1   1   1 # 1 # 579 # 1 # ID=79093_1;partial=11;start_type=Edge;rbs_motif=None;rbs_spacer=None;gc_cont=0.573
c_000000559648_2     -          result               -            5.5e-16   65.0   0.8   7.2e-16   64.6   0.8   1.1   1   0   0   1   1   1   1 # 764 # 1558 # 1 # ID=559648_2;partial=01;start_type=ATG;rbs_motif=None;rbs_spacer=None;gc_cont=0.555
c_000000151596_1     -          result               -              1e-14   60.8  10.0   4.9e-10   45.4   4.2   3.0   1   1   1   2   2   2   2 # 2 # 1171 # 1 # ID=151596_1;partial=10;start_type=Edge;rbs_motif=None;rbs_spacer=None;gc_cont=0.544
c_000000513303_1     -          result               -            1.1e-14   60.7   0.4   1.3e-14   60.5   0.4   1.0   1   0   0   1   1   1   1 # 1 # 645 # -1 # ID=513303_1;partial=10;start_type=ATG;rbs_motif=GGxGG;rbs_spacer=3-4bp;gc_cont=0.639
c_000001296187_2     -          result               -            4.9e-14   58.6   0.0   1.9e-12   53.4   0.0   2.1   1   1   0   1   1   1   1 # 596 # 1735 # -1 # ID=1296187_2;partial=00;start_type=ATG;rbs_motif=GGA/GAG/AGG;rbs_spacer=5-10bp;gc_cont=0.614
c_000000219734_1     -          result               -              7e-14   58.1   0.3   8.3e-14   57.8   0.3   1.0   1   0   0   1   1   1   1 # 1 # 348 # -1 # ID=219734_1;partial=11;start_type=Edge;rbs_motif=None;rbs_spacer=None;gc_cont=0.557
c_000001298934_1     -          result               -            1.7e-13   56.9   0.2   2.2e-13   56.4   0.2   1.1   1   0   0   1   1   1   1 # 3 # 677 # -1 # ID=1298934_1;partial=10;start_type=ATG;rbs_motif=None;rbs_spacer=None;gc_cont=0.533
c_000000310162_1     -          result               -              2e-13   56.6   0.2   2.6e-13   56.2   0.2   1.0   1   0   0   1   1   1   1 # 2 # 601 # 1 # ID=310162_1;partial=11;start_type=Edge;rbs_motif=None;rbs_spacer=None;gc_cont=0.563
c_000000502853_1     -          result               -              2e-12   53.3   2.1     2e-12   53.3   2.1   2.0   2   1   0   2   2   2   1 # 3 # 1214 # 1 # ID=502853_1;partial=10;start_type=Edge;rbs_motif=None;rbs_spacer=None;gc_cont=0.666
c_000001036341_1     -          result               -            8.1e-12   51.3   2.7     1e-10   47.7   0.1   2.0   2   0   0   2   2   2   1 # 1 # 654 # -1 # ID=1036341_1;partial=10;start_type=ATG;rbs_motif=None;rbs_spacer=None;gc_cont=0.668
c_000000570400_1     -          result               -            9.8e-12   51.0   0.1   1.1e-11   50.8   0.1   1.0   1   0   0   1   1   1   1 # 1 # 696 # -1 # ID=570400_1;partial=11;start_type=Edge;rbs_motif=None;rbs_spacer=None;gc_cont=0.586
c_000000888962_1     -          result               -            1.1e-11   50.8   0.3   1.2e-11   50.7   0.3   1.0   1   0   0   1   1   1   1 # 1 # 441 # -1 # ID=888962_1;partial=11;start_type=Edge;rbs_motif=None;rbs_spacer=None;gc_cont=0.528
c_000000189093_3     -          result               -            1.5e-11   50.4   0.2   2.1e-11   49.9   0.2   1.2   1   0   0   1   1   1   1 # 1462 # 2280 # 1 # ID=189093_3;partial=01;start_type=ATG;rbs_motif=AGxAGG/AGGxGG;rbs_spacer=5-10bp;gc_cont=0.586
c_000001157473_1     -          result               -            1.8e-11   50.2   0.1   2.5e-11   49.7   0.1   1.2   1   0   0   1   1   1   1 # 2 # 730 # -1 # ID=1157473_1;partial=10;start_type=ATG;rbs_motif=GGxGG;rbs_spacer=3-4bp;gc_cont=0.588
c_000000639846_1     -          result               -            2.2e-11   49.9   0.2   2.4e-11   49.7   0.2   1.0   1   0   0   1   1   1   1 # 1 # 405 # -1 # ID=639846_1;partial=11;start_type=Edge;rbs_motif=None;rbs_spacer=None;gc_cont=0.560
c_000000886281_1     -          result               -            2.6e-11   49.6   0.2   2.8e-11   49.5   0.2   1.0   1   0   0   1   1   1   1 # 1 # 399 # -1 # ID=886281_1;partial=11;start_type=Edge;rbs_motif=None;rbs_spacer=None;gc_cont=0.539
c_000001303732_1     -          result               -            3.8e-11   49.1   0.2   4.9e-11   48.7   0.2   1.2   1   0   0   1   1   1   1 # 3 # 803 # -1 # ID=1303732_1;partial=10;start_type=ATG;rbs_motif=GGxGG;rbs_spacer=3-4bp;gc_cont=0.581
c_000000895994_1     -          result               -            4.7e-11   48.8   8.6   5.5e-11   48.5   4.0   2.1   1   1   1   2   2   2   1 # 3 # 986 # -1 # ID=895994_1;partial=11;start_type=Edge;rbs_motif=None;rbs_spacer=None;gc_cont=0.541
c_000000133491_3     -          result               -            5.6e-11   48.5   3.6     6e-09   41.8   3.2   2.1   2   0   0   2   2   2   1 # 1458 # 2894 # -1 # ID=133491_3;partial=00;start_type=ATG;rbs_motif=GGA/GAG/AGG;rbs_spacer=5-10bp;gc_cont=0.668
c_000000189362_1     -          result               -            5.8e-11   48.5   2.8   8.1e-11   48.0   2.8   1.2   1   1   0   1   1   1   1 # 1 # 726 # -1 # ID=189362_1;partial=11;start_type=Edge;rbs_motif=None;rbs_spacer=None;gc_cont=0.551
c_000000770917_1     -          result               -            9.7e-11   47.7   0.0   1.2e-10   47.5   0.0   1.0   1   0   0   1   1   1   1 # 111 # 581 # -1 # ID=770917_1;partial=01;start_type=Edge;rbs_motif=None;rbs_spacer=None;gc_cont=0.535
c_000000039375_1     -          result               -            1.1e-10   47.6   0.5   1.3e-10   47.3   0.5   1.1   1   0   0   1   1   1   1 # 3 # 659 # -1 # ID=39375_1;partial=11;start_type=Edge;rbs_motif=None;rbs_spacer=None;gc_cont=0.569
c_000000228484_1     -          result               -            3.1e-10   46.1   0.1   3.6e-10   45.9   0.1   1.1   1   0   0   1   1   1   1 # 2 # 526 # -1 # ID=228484_1;partial=11;start_type=Edge;rbs_motif=None;rbs_spacer=None;gc_cont=0.550
c_000001277345_1     -          result               -            3.5e-10   45.9   0.3   3.9e-10   45.7   0.3   1.0   1   0   0   1   1   1   1 # 1 # 348 # 1 # ID=1277345_1;partial=11;start_type=Edge;rbs_motif=None;rbs_spacer=None;gc_cont=0.540
c_000001277203_1     -          result               -            4.9e-10   45.4   1.0   5.5e-10   45.3   1.0   1.0   1   0   0   1   1   1   1 # 1 # 375 # 1 # ID=1277203_1;partial=11;start_type=Edge;rbs_motif=None;rbs_spacer=None;gc_cont=0.552
c_000001048849_1     -          result               -            5.1e-10   45.4   0.6   5.9e-10   45.1   0.6   1.0   1   0   0   1   1   1   1 # 1 # 318 # 1 # ID=1048849_1;partial=11;start_type=Edge;rbs_motif=None;rbs_spacer=None;gc_cont=0.541
c_000000432401_1     -          result               -              1e-09   44.4   0.3   1.2e-09   44.1   0.3   1.1   1   0   0   1   1   1   1 # 3 # 776 # -1 # ID=432401_1;partial=10;start_type=ATG;rbs_motif=None;rbs_spacer=None;gc_cont=0.536
c_000000258076_1     -          result               -              1e-09   44.4   0.0   1.8e-09   43.5   0.0   1.3   1   1   0   1   1   1   1 # 3 # 587 # 1 # ID=258076_1;partial=11;start_type=Edge;rbs_motif=None;rbs_spacer=None;gc_cont=0.586
c_000000341993_20    -          result               -            1.2e-09   44.1   1.7     2e-08   40.1   0.9   2.1   2   0   0   2   2   2   1 # 13940 # 15400 # -1 # ID=341993_20;partial=00;start_type=ATG;rbs_motif=GGAGG;rbs_spacer=5-10bp;gc_cont=0.567
c_000000334730_1     -          result               -            1.3e-09   44.0   0.5   1.5e-09   43.8   0.5   1.1   1   0   0   1   1   1   1 # 2 # 415 # -1 # ID=334730_1;partial=11;start_type=Edge;rbs_motif=None;rbs_spacer=None;gc_cont=0.577
c_000000609951_1     -          result               -            1.6e-09   43.8   0.3   1.8e-09   43.5   0.3   1.1   1   0   0   1   1   1   1 # 1 # 609 # -1 # ID=609951_1;partial=11;start_type=Edge;rbs_motif=None;rbs_spacer=None;gc_cont=0.688
c_000000546731_2     -          result               -            1.9e-09   43.5   0.1   2.3e-09   43.2   0.1   1.2   1   0   0   1   1   1   1 # 532 # 1458 # 1 # ID=546731_2;partial=01;start_type=TTG;rbs_motif=None;rbs_spacer=None;gc_cont=0.517
c_000000195349_2     -          result               -              1e-08   41.1   1.2   1.9e-08   40.2   1.2   1.4   1   0   0   1   1   1   1 # 145 # 1413 # -1 # ID=195349_2;partial=01;start_type=Edge;rbs_motif=None;rbs_spacer=None;gc_cont=0.659
c_000000433063_2     -          result               -              1e-08   41.1   0.7   1.8e-08   40.3   0.5   1.3   1   1   0   1   1   1   1 # 407 # 1231 # 1 # ID=433063_2;partial=01;start_type=ATG;rbs_motif=None;rbs_spacer=None;gc_cont=0.524
c_000000082256_1     -          result               -            1.1e-08   40.9   1.2     2e-08   40.1   0.6   1.5   1   1   1   2   2   2   1 # 39 # 863 # 1 # ID=82256_1;partial=01;start_type=ATG;rbs_motif=None;rbs_spacer=None;gc_cont=0.525
c_000000174841_1     -          result               -            1.6e-08   40.4   0.2   1.8e-08   40.2   0.2   1.0   1   0   0   1   1   1   1 # 3 # 416 # 1 # ID=174841_1;partial=11;start_type=Edge;rbs_motif=None;rbs_spacer=None;gc_cont=0.546
c_000000047290_25    -          result               -            1.7e-08   40.4   7.2   1.6e-07   37.1   7.2   2.1   1   1   0   1   1   1   1 # 22679 # 24241 # 1 # ID=47290_25;partial=00;start_type=ATG;rbs_motif=GGAG/GAGG;rbs_spacer=5-10bp;gc_cont=0.740
c_000000073804_1     -          result               -              2e-08   40.1   0.1   2.7e-08   39.7   0.1   1.1   1   0   0   1   1   1   1 # 3 # 497 # 1 # ID=73804_1;partial=11;start_type=Edge;rbs_motif=None;rbs_spacer=None;gc_cont=0.519
c_000000746917_1     -          result               -            2.3e-08   39.9   0.0   2.3e-08   39.9   0.0   1.8   3   0   0   3   3   2   1 # 3 # 983 # -1 # ID=746917_1;partial=10;start_type=GTG;rbs_motif=None;rbs_spacer=None;gc_cont=0.706
c_000000073000_1     -          result               -            3.2e-08   39.4   0.1   4.3e-08   39.0   0.1   1.1   1   0   0   1   1   1   1 # 3 # 497 # 1 # ID=73000_1;partial=11;start_type=Edge;rbs_motif=None;rbs_spacer=None;gc_cont=0.517
c_000000080929_1     -          result               -            3.9e-08   39.1   0.3   4.3e-08   39.0   0.3   1.0   1   0   0   1   1   1   1 # 1 # 285 # 1 # ID=80929_1;partial=11;start_type=Edge;rbs_motif=None;rbs_spacer=None;gc_cont=0.540
c_000000793992_1     -          result               -            4.6e-08   38.9   1.2   4.6e-08   38.9   1.2   2.0   2   0   0   2   2   1   1 # 373 # 1845 # -1 # ID=793992_1;partial=00;start_type=ATG;rbs_motif=GGAG/GAGG;rbs_spacer=5-10bp;gc_cont=0.687
c_000001114319_3     -          result               -            4.7e-08   38.9   0.0   5.8e-08   38.6   0.0   1.3   1   0   0   1   1   1   1 # 555 # 1742 # 1 # ID=1114319_3;partial=00;start_type=ATG;rbs_motif=GGA/GAG/AGG;rbs_spacer=5-10bp;gc_cont=0.654
c_000000715456_1     -          result               -            5.1e-08   38.8   0.2     6e-08   38.5   0.2   1.0   1   0   0   1   1   1   1 # 3 # 461 # -1 # ID=715456_1;partial=11;start_type=Edge;rbs_motif=None;rbs_spacer=None;gc_cont=0.610
c_000000056123_3     -          result               -            5.3e-08   38.7   0.3   6.1e-08   38.5   0.3   1.2   1   0   0   1   1   1   1 # 2906 # 4267 # 1 # ID=56123_3;partial=01;start_type=GTG;rbs_motif=GGA/GAG/AGG;rbs_spacer=5-10bp;gc_cont=0.688
c_000000217130_3     -          result               -            6.3e-08   38.5   0.9   4.2e-07   35.7   0.5   2.1   2   0   0   2   2   2   1 # 3005 # 4450 # 1 # ID=217130_3;partial=00;start_type=ATG;rbs_motif=GGAG/GAGG;rbs_spacer=5-10bp;gc_cont=0.587
c_000000830153_1     -          result               -              1e-07   37.8   0.2   1.1e-07   37.7   0.2   1.1   1   0   0   1   1   1   1 # 1 # 438 # 1 # ID=830153_1;partial=11;start_type=Edge;rbs_motif=None;rbs_spacer=None;gc_cont=0.578
c_000000601141_2     -          result               -            1.1e-07   37.7   0.2   3.4e-07   36.0   0.1   1.8   2   0   0   2   2   2   1 # 650 # 2053 # 1 # ID=601141_2;partial=00;start_type=ATG;rbs_motif=None;rbs_spacer=None;gc_cont=0.585
c_000000943469_2     -          result               -            1.2e-07   37.6   0.0   2.1e-07   36.7   0.0   1.4   1   0   0   1   1   1   1 # 642 # 2360 # -1 # ID=943469_2;partial=00;start_type=ATG;rbs_motif=AGGA;rbs_spacer=5-10bp;gc_cont=0.581
c_000000539943_1     -          result               -            1.2e-07   37.5   0.1   2.8e-07   36.3   0.1   1.5   1   0   0   1   1   1   1 # 3 # 1070 # 1 # ID=539943_1;partial=11;start_type=Edge;rbs_motif=None;rbs_spacer=None;gc_cont=0.597
c_000000751205_1     -          result               -            1.3e-07   37.5   0.2   1.7e-07   37.0   0.2   1.2   1   0   0   1   1   1   1 # 1 # 834 # -1 # ID=751205_1;partial=11;start_type=Edge;rbs_motif=None;rbs_spacer=None;gc_cont=0.508
c_000000549337_1     -          result               -            1.3e-07   37.4   0.1   2.5e-07   36.5   0.0   1.5   2   0   0   2   2   2   1 # 1 # 738 # 1 # ID=549337_1;partial=11;start_type=Edge;rbs_motif=None;rbs_spacer=None;gc_cont=0.672
c_000000918852_1     -          result               -            1.5e-07   37.3   0.0   1.9e-07   36.9   0.0   1.0   1   0   0   1   1   1   1 # 2 # 373 # -1 # ID=918852_1;partial=11;start_type=Edge;rbs_motif=None;rbs_spacer=None;gc_cont=0.492
c_000000117323_2     -          result               -            1.7e-07   37.0   0.5   2.4e-07   36.5   0.5   1.2   1   0   0   1   1   1   1 # 1028 # 2512 # 1 # ID=117323_2;partial=00;start_type=ATG;rbs_motif=None;rbs_spacer=None;gc_cont=0.606
c_000000337257_1     -          result               -            1.8e-07   37.0   0.2   2.2e-07   36.7   0.2   1.1   1   0   0   1   1   1   1 # 2 # 424 # 1 # ID=337257_1;partial=10;start_type=Edge;rbs_motif=None;rbs_spacer=None;gc_cont=0.565
c_000000514094_11    -          result               -            2.8e-07   36.3   3.8   4.5e-07   35.7   3.8   1.3   1   0   0   1   1   1   1 # 11218 # 12759 # -1 # ID=514094_11;partial=00;start_type=ATG;rbs_motif=GGA/GAG/AGG;rbs_spacer=5-10bp;gc_cont=0.735
c_000000507546_1     -          result               -              3e-07   36.2   0.1   6.8e-07   35.1   0.1   1.5   1   1   0   1   1   1   1 # 1 # 381 # -1 # ID=507546_1;partial=11;start_type=Edge;rbs_motif=None;rbs_spacer=None;gc_cont=0.541
c_000000945801_2     -          result               -            3.1e-07   36.2   0.0   3.3e-06   32.8   0.0   2.1   2   0   0   2   2   2   1 # 694 # 1836 # 1 # ID=945801_2;partial=00;start_type=GTG;rbs_motif=ATA;rbs_spacer=10bp;gc_cont=0.448
c_000000268281_1     -          result               -            3.1e-07   36.2   0.1   3.1e-07   36.2   0.1   1.9   2   1   0   2   2   2   1 # 1 # 1173 # 1 # ID=268281_1;partial=10;start_type=Edge;rbs_motif=None;rbs_spacer=None;gc_cont=0.630
c_000000108344_2     -          result               -            3.3e-07   36.1   0.1   7.3e-07   35.0   0.1   1.5   1   1   0   1   1   1   1 # 251 # 709 # -1 # ID=108344_2;partial=01;start_type=Edge;rbs_motif=None;rbs_spacer=None;gc_cont=0.529
c_000000341679_2     -          result               -            3.4e-07   36.1   0.9   4.4e-07   35.7   0.2   1.5   2   0   0   2   2   1   1 # 307 # 1440 # 1 # ID=341679_2;partial=01;start_type=ATG;rbs_motif=GGA/GAG/AGG;rbs_spacer=5-10bp;gc_cont=0.592
c_000000126572_1     -          result               -            3.5e-07   36.0   0.4   3.5e-07   36.0   0.4   1.0   1   0   0   1   1   1   1 # 2 # 283 # 1 # ID=126572_1;partial=11;start_type=Edge;rbs_motif=None;rbs_spacer=None;gc_cont=0.567
#
# Program:         hmmsearch
# Version:         3.3.2 (Nov 2020)
# Pipeline mode:   SEARCH
# Query file:      /Users/u0145079/Library/CloudStorage/OneDrive-KULeuven/Desktop/PlasticDaphnia/Plastic_tool/Plastic_tool/motifs/nylon.hmm
# Target file:     ./temps/contigs-fixed.faa
# Option settings: hmmsearch --tblout /Users/u0145079/Library/CloudStorage/OneDrive-KULeuven/Desktop/PlasticDaphnia/Plastic_tool/Plastic_tool/temps/nylon/contigs-fixed.fa_nylon_HMMER.out -T 36.0 --tformat fasta /Users/u0145079/Library/CloudStorage/OneDrive-KULeuven/Desktop/PlasticDaphnia/Plastic_tool/Plastic_tool/motifs/nylon.hmm ./temps/contigs-fixed.faa 
# Current dir:     /Users/u0145079/Library/CloudStorage/OneDrive-KULeuven/Desktop/PlasticDaphnia/Plastic_tool/Plastic_tool
# Date:            Mon Jul  3 16:44:12 2023
# [ok]
