#                                                               --- full sequence ---- --- best 1 domain ---- --- domain number estimation ----
# target name        accession  query name           accession    E-value  score  bias   E-value  score  bias   exp reg clu  ov env dom rep inc description of target
#------------------- ---------- -------------------- ---------- --------- ------ ----- --------- ------ -----   --- --- --- --- --- --- --- --- ---------------------
c_000001249062_3     -          result               -            1.9e-65  227.9   0.0   2.5e-65  227.5   0.0   1.0   1   0   0   1   1   1   1 # 1665 # 2879 # 1 # ID=1249062_3;partial=00;start_type=ATG;rbs_motif=GGA/GAG/AGG;rbs_spacer=5-10bp;gc_cont=0.625
c_000000232380_2     -          result               -            2.8e-59  207.6   0.0   3.5e-59  207.3   0.0   1.0   1   0   0   1   1   1   1 # 276 # 1514 # 1 # ID=232380_2;partial=00;start_type=ATG;rbs_motif=AGGA;rbs_spacer=5-10bp;gc_cont=0.496
c_000000069061_4     -          result               -            1.5e-58  205.2   0.0   1.9e-58  204.9   0.0   1.0   1   0   0   1   1   1   1 # 2885 # 4123 # -1 # ID=69061_4;partial=00;start_type=ATG;rbs_motif=GGA/GAG/AGG;rbs_spacer=5-10bp;gc_cont=0.504
c_000000090301_9     -          result               -            4.4e-55  193.8   0.0   5.3e-55  193.6   0.0   1.0   1   0   0   1   1   1   1 # 7110 # 8258 # -1 # ID=90301_9;partial=00;start_type=ATG;rbs_motif=AGGAG;rbs_spacer=5-10bp;gc_cont=0.651
c_000000098763_2     -          result               -            1.4e-47  169.2   0.0   1.7e-47  168.9   0.0   1.0   1   0   0   1   1   1   1 # 931 # 2169 # 1 # ID=98763_2;partial=00;start_type=GTG;rbs_motif=GGA/GAG/AGG;rbs_spacer=5-10bp;gc_cont=0.482
c_000000078623_4     -          result               -            1.1e-43  156.4   0.0   1.3e-43  156.2   0.0   1.0   1   0   0   1   1   1   1 # 2781 # 3944 # 1 # ID=78623_4;partial=00;start_type=ATG;rbs_motif=AGGA;rbs_spacer=5-10bp;gc_cont=0.625
c_000000998058_2     -          result               -            1.4e-43  156.1   0.1   1.5e-43  155.9   0.1   1.0   1   0   0   1   1   1   1 # 297 # 1460 # 1 # ID=998058_2;partial=00;start_type=ATG;rbs_motif=ATA;rbs_spacer=10bp;gc_cont=0.496
c_000000201046_2     -          result               -            1.4e-43  156.0   0.0   1.9e-43  155.7   0.0   1.0   1   0   0   1   1   1   1 # 888 # 2090 # -1 # ID=201046_2;partial=00;start_type=ATG;rbs_motif=GGxGG;rbs_spacer=5-10bp;gc_cont=0.560
c_000001115226_3     -          result               -            3.2e-43  154.9   0.0   4.1e-43  154.5   0.0   1.0   1   0   0   1   1   1   1 # 1582 # 2670 # -1 # ID=1115226_3;partial=01;start_type=Edge;rbs_motif=None;rbs_spacer=None;gc_cont=0.498
c_000000354819_2     -          result               -            3.8e-42  151.4   0.0   4.4e-42  151.1   0.0   1.0   1   0   0   1   1   1   1 # 669 # 1784 # 1 # ID=354819_2;partial=01;start_type=ATG;rbs_motif=AGGA;rbs_spacer=5-10bp;gc_cont=0.631
c_000001183199_1     -          result               -            1.1e-41  149.8   0.0   1.5e-41  149.4   0.0   1.1   1   0   0   1   1   1   1 # 62 # 1387 # 1 # ID=1183199_1;partial=00;start_type=ATG;rbs_motif=GGA/GAG/AGG;rbs_spacer=5-10bp;gc_cont=0.427
c_000000572366_2     -          result               -            2.1e-37  135.8   0.0   2.9e-37  135.3   0.0   1.1   1   0   0   1   1   1   1 # 561 # 1904 # -1 # ID=572366_2;partial=00;start_type=ATG;rbs_motif=GGAG/GAGG;rbs_spacer=5-10bp;gc_cont=0.548
c_000000944862_3     -          result               -            5.9e-37  134.3   0.0   8.1e-37  133.9   0.0   1.1   1   0   0   1   1   1   1 # 1346 # 2647 # 1 # ID=944862_3;partial=00;start_type=ATG;rbs_motif=GGAG/GAGG;rbs_spacer=5-10bp;gc_cont=0.525
c_000000272781_2     -          result               -            8.2e-37  133.9   0.1   1.4e-36  133.1   0.1   1.3   1   0   0   1   1   1   1 # 1357 # 2694 # 1 # ID=272781_2;partial=00;start_type=ATG;rbs_motif=GGAG/GAGG;rbs_spacer=5-10bp;gc_cont=0.568
c_000000057536_2     -          result               -            4.8e-36  131.3   0.0   5.1e-36  131.2   0.0   1.0   1   0   0   1   1   1   1 # 497 # 1066 # -1 # ID=57536_2;partial=01;start_type=Edge;rbs_motif=None;rbs_spacer=None;gc_cont=0.526
c_000000610191_3     -          result               -            1.2e-35  130.0   0.0   1.7e-35  129.5   0.0   1.2   1   0   0   1   1   1   1 # 2767 # 4077 # 1 # ID=610191_3;partial=00;start_type=ATG;rbs_motif=GGAG/GAGG;rbs_spacer=5-10bp;gc_cont=0.683
c_000000211794_1     -          result               -              5e-35  128.0   0.0   6.5e-35  127.6   0.0   1.0   1   0   0   1   1   1   1 # 27 # 749 # -1 # ID=211794_1;partial=01;start_type=Edge;rbs_motif=None;rbs_spacer=None;gc_cont=0.528
c_000000195848_4     -          result               -            1.1e-34  126.9   0.0   1.3e-34  126.6   0.0   1.1   1   0   0   1   1   1   1 # 1743 # 2819 # -1 # ID=195848_4;partial=01;start_type=Edge;rbs_motif=None;rbs_spacer=None;gc_cont=0.560
c_000000082899_1     -          result               -            2.2e-34  125.9   0.0   2.4e-34  125.7   0.0   1.0   1   0   0   1   1   1   1 # 1 # 1080 # 1 # ID=82899_1;partial=10;start_type=Edge;rbs_motif=None;rbs_spacer=None;gc_cont=0.641
c_000000194419_2     -          result               -            3.2e-34  125.3   0.2   4.2e-34  124.9   0.2   1.1   1   0   0   1   1   1   1 # 859 # 1944 # -1 # ID=194419_2;partial=01;start_type=Edge;rbs_motif=None;rbs_spacer=None;gc_cont=0.595
c_000001279507_2     -          result               -            8.7e-34  123.9   0.0   1.2e-33  123.4   0.0   1.1   1   0   0   1   1   1   1 # 462 # 1739 # -1 # ID=1279507_2;partial=00;start_type=ATG;rbs_motif=AGGAG;rbs_spacer=5-10bp;gc_cont=0.575
c_000001272153_3     -          result               -            3.2e-33  122.1   0.0   4.4e-33  121.6   0.0   1.2   1   0   0   1   1   1   1 # 3271 # 4566 # 1 # ID=1272153_3;partial=00;start_type=ATG;rbs_motif=GGAG/GAGG;rbs_spacer=5-10bp;gc_cont=0.649
c_000001124539_2     -          result               -            6.8e-33  121.0   0.0   9.2e-33  120.6   0.0   1.0   1   0   0   1   1   1   1 # 1016 # 2239 # -1 # ID=1124539_2;partial=00;start_type=ATG;rbs_motif=GGA/GAG/AGG;rbs_spacer=5-10bp;gc_cont=0.679
c_000000304933_9     -          result               -            6.9e-33  121.0   0.0   8.7e-33  120.6   0.0   1.0   1   0   0   1   1   1   1 # 5072 # 5983 # 1 # ID=304933_9;partial=01;start_type=ATG;rbs_motif=None;rbs_spacer=None;gc_cont=0.514
c_000000285132_4     -          result               -            1.6e-32  119.8   0.0   2.4e-32  119.2   0.0   1.2   1   0   0   1   1   1   1 # 3020 # 4300 # 1 # ID=285132_4;partial=00;start_type=ATG;rbs_motif=GGAG/GAGG;rbs_spacer=5-10bp;gc_cont=0.667
c_000000330326_4     -          result               -            6.3e-32  117.8   0.1     1e-31  117.1   0.1   1.2   1   0   0   1   1   1   1 # 2064 # 3359 # -1 # ID=330326_4;partial=00;start_type=ATG;rbs_motif=GGAG/GAGG;rbs_spacer=5-10bp;gc_cont=0.620
c_000001231516_1     -          result               -            4.6e-31  115.0   0.1   6.6e-31  114.4   0.1   1.1   1   0   0   1   1   1   1 # 13 # 1323 # -1 # ID=1231516_1;partial=00;start_type=ATG;rbs_motif=AGGAG;rbs_spacer=5-10bp;gc_cont=0.624
c_000000931758_1     -          result               -            6.7e-31  114.4   0.0   7.9e-31  114.2   0.0   1.0   1   0   0   1   1   1   1 # 51 # 914 # -1 # ID=931758_1;partial=01;start_type=Edge;rbs_motif=None;rbs_spacer=None;gc_cont=0.528
c_000000226128_1     -          result               -            1.3e-30  113.5   0.0   1.4e-30  113.4   0.0   1.0   1   0   0   1   1   1   1 # 3 # 578 # 1 # ID=226128_1;partial=10;start_type=Edge;rbs_motif=None;rbs_spacer=None;gc_cont=0.503
c_000000540606_2     -          result               -            1.7e-30  113.1   0.0   1.8e-30  113.0   0.0   1.0   1   0   0   1   1   1   1 # 521 # 1063 # -1 # ID=540606_2;partial=01;start_type=Edge;rbs_motif=None;rbs_spacer=None;gc_cont=0.536
c_000001052541_3     -          result               -              2e-30  112.9   0.0   2.7e-30  112.5   0.0   1.1   1   0   0   1   1   1   1 # 1442 # 2644 # -1 # ID=1052541_3;partial=00;start_type=ATG;rbs_motif=None;rbs_spacer=None;gc_cont=0.680
c_000001260374_4     -          result               -            7.5e-30  111.0   0.0   1.1e-29  110.5   0.0   1.1   1   0   0   1   1   1   1 # 1854 # 3092 # -1 # ID=1260374_4;partial=01;start_type=Edge;rbs_motif=None;rbs_spacer=None;gc_cont=0.371
c_000000414582_1     -          result               -            1.2e-29  110.3   0.0   1.3e-29  110.1   0.0   1.0   1   0   0   1   1   1   1 # 3 # 983 # -1 # ID=414582_1;partial=11;start_type=Edge;rbs_motif=None;rbs_spacer=None;gc_cont=0.502
c_000000332469_2     -          result               -            3.2e-29  108.9   0.0   4.6e-29  108.4   0.0   1.2   1   0   0   1   1   1   1 # 103 # 1221 # -1 # ID=332469_2;partial=01;start_type=Edge;rbs_motif=None;rbs_spacer=None;gc_cont=0.538
c_000000684111_1     -          result               -            4.2e-29  108.5   0.0   4.9e-29  108.3   0.0   1.0   1   0   0   1   1   1   1 # 74 # 724 # 1 # ID=684111_1;partial=00;start_type=GTG;rbs_motif=None;rbs_spacer=None;gc_cont=0.501
c_000000984181_2     -          result               -            3.6e-28  105.5   0.0   4.2e-28  105.2   0.0   1.0   1   0   0   1   1   1   1 # 244 # 708 # -1 # ID=984181_2;partial=01;start_type=Edge;rbs_motif=None;rbs_spacer=None;gc_cont=0.516
c_000000221338_1     -          result               -            3.9e-28  105.4   0.0   4.7e-28  105.1   0.0   1.0   1   0   0   1   1   1   1 # 3 # 425 # 1 # ID=221338_1;partial=11;start_type=Edge;rbs_motif=None;rbs_spacer=None;gc_cont=0.508
c_000000710130_2     -          result               -            7.8e-28  104.4   0.0   9.9e-28  104.0   0.0   1.0   1   0   0   1   1   1   1 # 369 # 1061 # -1 # ID=710130_2;partial=01;start_type=Edge;rbs_motif=None;rbs_spacer=None;gc_cont=0.610
c_000000950621_1     -          result               -            1.4e-27  103.6   0.0   1.5e-27  103.4   0.0   1.0   1   0   0   1   1   1   1 # 1 # 444 # -1 # ID=950621_1;partial=11;start_type=Edge;rbs_motif=None;rbs_spacer=None;gc_cont=0.511
c_000000434676_1     -          result               -            1.4e-27  103.5   0.0   1.6e-27  103.4   0.0   1.0   1   0   0   1   1   1   1 # 1 # 426 # -1 # ID=434676_1;partial=11;start_type=Edge;rbs_motif=None;rbs_spacer=None;gc_cont=0.486
c_000000651350_1     -          result               -            1.6e-27  103.4   0.1   1.9e-27  103.1   0.1   1.0   1   0   0   1   1   1   1 # 293 # 1303 # 1 # ID=651350_1;partial=01;start_type=ATG;rbs_motif=GGAG/GAGG;rbs_spacer=5-10bp;gc_cont=0.570
c_000000238816_1     -          result               -            1.6e-27  103.4   0.0   1.7e-27  103.2   0.0   1.0   1   0   0   1   1   1   1 # 3 # 776 # 1 # ID=238816_1;partial=11;start_type=Edge;rbs_motif=None;rbs_spacer=None;gc_cont=0.526
c_000000102490_2     -          result               -            3.5e-27  102.2   0.0   4.1e-27  102.0   0.0   1.0   1   0   0   1   1   1   1 # 129 # 638 # -1 # ID=102490_2;partial=01;start_type=Edge;rbs_motif=None;rbs_spacer=None;gc_cont=0.506
c_000000212434_1     -          result               -            5.9e-27  101.5   0.1   6.9e-27  101.3   0.1   1.0   1   0   0   1   1   1   1 # 3 # 632 # -1 # ID=212434_1;partial=11;start_type=Edge;rbs_motif=None;rbs_spacer=None;gc_cont=0.514
c_000001205884_1     -          result               -            6.3e-27  101.4   0.0   7.4e-27  101.1   0.0   1.0   1   0   0   1   1   1   1 # 3 # 674 # 1 # ID=1205884_1;partial=10;start_type=Edge;rbs_motif=None;rbs_spacer=None;gc_cont=0.475
c_000000755065_1     -          result               -              9e-27  100.9   0.0   1.2e-26  100.5   0.0   1.0   1   0   0   1   1   1   1 # 3 # 656 # 1 # ID=755065_1;partial=10;start_type=Edge;rbs_motif=None;rbs_spacer=None;gc_cont=0.528
c_000000688133_2     -          result               -            1.4e-26  100.2   0.0   1.6e-26  100.1   0.0   1.0   1   0   0   1   1   1   1 # 283 # 702 # -1 # ID=688133_2;partial=01;start_type=Edge;rbs_motif=None;rbs_spacer=None;gc_cont=0.500
c_000001033538_1     -          result               -            3.5e-26   98.9   0.0   3.9e-26   98.8   0.0   1.0   1   0   0   1   1   1   1 # 2 # 691 # 1 # ID=1033538_1;partial=11;start_type=Edge;rbs_motif=None;rbs_spacer=None;gc_cont=0.517
c_000000908867_10    -          result               -              2e-25   96.5   0.0   2.8e-25   96.0   0.0   1.1   1   0   0   1   1   1   1 # 15019 # 16329 # 1 # ID=908867_10;partial=00;start_type=ATG;rbs_motif=AGGAG;rbs_spacer=5-10bp;gc_cont=0.645
c_000000629961_1     -          result               -              3e-25   95.9   0.0   3.6e-25   95.6   0.0   1.0   1   0   0   1   1   1   1 # 1 # 723 # -1 # ID=629961_1;partial=11;start_type=Edge;rbs_motif=None;rbs_spacer=None;gc_cont=0.697
c_000000474083_1     -          result               -            6.4e-25   94.8   0.0   7.9e-25   94.5   0.0   1.0   1   0   0   1   1   1   1 # 35 # 907 # 1 # ID=474083_1;partial=01;start_type=ATG;rbs_motif=None;rbs_spacer=None;gc_cont=0.511
c_000000993106_1     -          result               -            2.2e-24   93.0   0.0   2.8e-24   92.7   0.0   1.0   1   0   0   1   1   1   1 # 2 # 715 # 1 # ID=993106_1;partial=11;start_type=Edge;rbs_motif=None;rbs_spacer=None;gc_cont=0.517
c_000000253879_1     -          result               -            2.6e-24   92.8   0.0   2.9e-24   92.6   0.0   1.0   1   0   0   1   1   1   1 # 1 # 396 # -1 # ID=253879_1;partial=11;start_type=Edge;rbs_motif=None;rbs_spacer=None;gc_cont=0.515
c_000000705178_1     -          result               -            4.2e-24   92.1   0.0   5.2e-24   91.8   0.0   1.1   1   0   0   1   1   1   1 # 2 # 808 # 1 # ID=705178_1;partial=10;start_type=Edge;rbs_motif=None;rbs_spacer=None;gc_cont=0.447
c_000000637676_3     -          result               -              5e-24   91.9   0.1   7.3e-24   91.3   0.1   1.1   1   0   0   1   1   1   1 # 1212 # 2450 # 1 # ID=637676_3;partial=00;start_type=ATG;rbs_motif=GGAG/GAGG;rbs_spacer=5-10bp;gc_cont=0.639
c_000000768320_1     -          result               -            8.4e-24   91.1   0.0   1.4e-23   90.4   0.0   1.2   1   0   0   1   1   1   1 # 3 # 1589 # 1 # ID=768320_1;partial=10;start_type=Edge;rbs_motif=None;rbs_spacer=None;gc_cont=0.659
c_000000847199_7     -          result               -            7.1e-23   88.1   0.0     8e-23   87.9   0.0   1.0   1   0   0   1   1   1   1 # 4536 # 5063 # -1 # ID=847199_7;partial=01;start_type=Edge;rbs_motif=None;rbs_spacer=None;gc_cont=0.519
c_000000681769_1     -          result               -            2.4e-22   86.4   0.0   3.1e-22   86.0   0.0   1.0   1   0   0   1   1   1   1 # 1 # 786 # 1 # ID=681769_1;partial=10;start_type=Edge;rbs_motif=None;rbs_spacer=None;gc_cont=0.567
c_000000934208_1     -          result               -            5.1e-22   85.3   0.0   5.7e-22   85.1   0.0   1.0   1   0   0   1   1   1   1 # 3 # 359 # -1 # ID=934208_1;partial=11;start_type=Edge;rbs_motif=None;rbs_spacer=None;gc_cont=0.518
c_000000810578_3     -          result               -              1e-21   84.3   0.0   1.2e-21   84.0   0.0   1.1   1   0   0   1   1   1   1 # 1246 # 2067 # -1 # ID=810578_3;partial=01;start_type=Edge;rbs_motif=None;rbs_spacer=None;gc_cont=0.555
c_000001020162_1     -          result               -            1.6e-21   83.6   0.0   2.2e-21   83.2   0.0   1.1   1   0   0   1   1   1   1 # 1 # 684 # 1 # ID=1020162_1;partial=10;start_type=Edge;rbs_motif=None;rbs_spacer=None;gc_cont=0.506
c_000000993958_1     -          result               -            2.3e-20   79.8   0.0   2.5e-20   79.7   0.0   1.0   1   0   0   1   1   1   1 # 2 # 334 # 1 # ID=993958_1;partial=11;start_type=Edge;rbs_motif=None;rbs_spacer=None;gc_cont=0.520
c_000000411153_3     -          result               -            3.5e-20   79.2   0.0     5e-20   78.7   0.0   1.1   1   0   0   1   1   1   1 # 1855 # 3123 # -1 # ID=411153_3;partial=00;start_type=ATG;rbs_motif=GGA/GAG/AGG;rbs_spacer=5-10bp;gc_cont=0.652
c_000000871693_3     -          result               -            5.6e-20   78.6   0.0   7.4e-20   78.2   0.0   1.1   1   0   0   1   1   1   1 # 1404 # 2687 # -1 # ID=871693_3;partial=00;start_type=ATG;rbs_motif=AGGA;rbs_spacer=5-10bp;gc_cont=0.605
c_000000000979_1     -          result               -              8e-20   78.1   0.0     8e-20   78.0   0.0   1.0   1   0   0   1   1   1   1 # 2 # 778 # 1 # ID=979_1;partial=11;start_type=Edge;rbs_motif=None;rbs_spacer=None;gc_cont=0.696
c_000000121725_1     -          result               -            1.8e-19   76.9   0.0     2e-19   76.7   0.0   1.0   1   0   0   1   1   1   1 # 63 # 947 # -1 # ID=121725_1;partial=00;start_type=ATG;rbs_motif=AGGA/GGAG/GAGG;rbs_spacer=11-12bp;gc_cont=0.501
c_000000276309_1     -          result               -            2.1e-19   76.7   0.0   2.3e-19   76.5   0.0   1.0   1   0   0   1   1   1   1 # 2 # 619 # 1 # ID=276309_1;partial=11;start_type=Edge;rbs_motif=None;rbs_spacer=None;gc_cont=0.607
c_000000847166_1     -          result               -            2.1e-19   76.6   0.0   2.4e-19   76.5   0.0   1.0   1   0   0   1   1   1   1 # 2 # 403 # -1 # ID=847166_1;partial=11;start_type=Edge;rbs_motif=None;rbs_spacer=None;gc_cont=0.510
c_000000117828_1     -          result               -            2.2e-19   76.6   0.0   2.4e-19   76.5   0.0   1.0   1   0   0   1   1   1   1 # 2 # 697 # 1 # ID=117828_1;partial=11;start_type=Edge;rbs_motif=None;rbs_spacer=None;gc_cont=0.534
c_000000914068_2     -          result               -            7.6e-19   74.8   0.0   9.6e-19   74.5   0.0   1.0   1   0   0   1   1   1   1 # 584 # 1348 # -1 # ID=914068_2;partial=01;start_type=Edge;rbs_motif=None;rbs_spacer=None;gc_cont=0.475
c_000000065155_2     -          result               -            1.3e-18   74.0   0.0   1.4e-18   74.0   0.0   1.0   1   0   0   1   1   1   1 # 263 # 634 # -1 # ID=65155_2;partial=01;start_type=Edge;rbs_motif=None;rbs_spacer=None;gc_cont=0.538
c_000000395072_1     -          result               -            2.4e-18   73.2   0.0   2.6e-18   73.1   0.0   1.0   1   0   0   1   1   1   1 # 5 # 334 # -1 # ID=395072_1;partial=01;start_type=Edge;rbs_motif=None;rbs_spacer=None;gc_cont=0.594
c_000000236096_1     -          result               -            2.9e-18   72.9   0.0   3.8e-18   72.5   0.0   1.1   1   0   0   1   1   1   1 # 109 # 1110 # 1 # ID=236096_1;partial=01;start_type=ATG;rbs_motif=None;rbs_spacer=None;gc_cont=0.637
c_000000001998_1     -          result               -            3.8e-18   72.5   0.0   3.9e-18   72.5   0.0   1.0   1   0   0   1   1   1   1 # 2 # 778 # 1 # ID=1998_1;partial=11;start_type=Edge;rbs_motif=None;rbs_spacer=None;gc_cont=0.701
c_000001281300_1     -          result               -            5.3e-18   72.1   0.0   6.4e-18   71.8   0.0   1.0   1   0   0   1   1   1   1 # 3 # 518 # 1 # ID=1281300_1;partial=11;start_type=Edge;rbs_motif=None;rbs_spacer=None;gc_cont=0.731
c_000000590161_1     -          result               -              1e-17   71.1   0.0   1.2e-17   70.9   0.0   1.0   1   0   0   1   1   1   1 # 3 # 545 # 1 # ID=590161_1;partial=11;start_type=Edge;rbs_motif=None;rbs_spacer=None;gc_cont=0.632
c_000000067367_1     -          result               -            1.6e-17   70.5   0.0   1.9e-17   70.3   0.0   1.0   1   0   0   1   1   1   1 # 3 # 692 # -1 # ID=67367_1;partial=11;start_type=Edge;rbs_motif=None;rbs_spacer=None;gc_cont=0.494
c_000001024429_1     -          result               -              4e-17   69.2   0.0   4.7e-17   69.0   0.0   1.0   1   0   0   1   1   1   1 # 2 # 457 # -1 # ID=1024429_1;partial=11;start_type=Edge;rbs_motif=None;rbs_spacer=None;gc_cont=0.533
c_000001107770_1     -          result               -              4e-17   69.2   0.0   4.9e-17   68.9   0.0   1.0   1   0   0   1   1   1   1 # 2 # 778 # 1 # ID=1107770_1;partial=11;start_type=Edge;rbs_motif=None;rbs_spacer=None;gc_cont=0.495
c_000001059176_1     -          result               -            6.8e-17   68.4   0.0   7.3e-17   68.3   0.0   1.0   1   0   0   1   1   1   1 # 3 # 302 # -1 # ID=1059176_1;partial=11;start_type=Edge;rbs_motif=None;rbs_spacer=None;gc_cont=0.520
c_000000759085_1     -          result               -            2.2e-16   66.8   0.0   2.6e-16   66.5   0.0   1.0   1   0   0   1   1   1   1 # 1 # 357 # -1 # ID=759085_1;partial=11;start_type=Edge;rbs_motif=None;rbs_spacer=None;gc_cont=0.515
c_000000013326_3     -          result               -            3.6e-16   66.0   0.1   5.8e-16   65.4   0.1   1.3   1   0   0   1   1   1   1 # 960 # 2072 # 1 # ID=13326_3;partial=00;start_type=ATG;rbs_motif=GGA/GAG/AGG;rbs_spacer=11-12bp;gc_cont=0.640
c_000000484262_1     -          result               -            4.2e-16   65.8   0.0   4.4e-16   65.8   0.0   1.0   1   0   0   1   1   1   1 # 3 # 350 # -1 # ID=484262_1;partial=11;start_type=Edge;rbs_motif=None;rbs_spacer=None;gc_cont=0.491
c_000000552444_1     -          result               -            4.8e-16   65.6   0.0   5.6e-16   65.4   0.0   1.0   1   0   0   1   1   1   1 # 1 # 651 # 1 # ID=552444_1;partial=10;start_type=Edge;rbs_motif=None;rbs_spacer=None;gc_cont=0.571
c_000000688111_1     -          result               -            5.5e-16   65.4   0.0   6.8e-16   65.2   0.0   1.0   1   0   0   1   1   1   1 # 1 # 792 # 1 # ID=688111_1;partial=11;start_type=Edge;rbs_motif=None;rbs_spacer=None;gc_cont=0.457
c_000000725984_2     -          result               -            5.3e-15   62.2   0.0   8.3e-15   61.6   0.0   1.2   1   0   0   1   1   1   1 # 403 # 1236 # -1 # ID=725984_2;partial=01;start_type=Edge;rbs_motif=None;rbs_spacer=None;gc_cont=0.603
c_000000187120_1     -          result               -            5.8e-15   62.1   0.0   7.9e-15   61.7   0.0   1.1   1   0   0   1   1   1   1 # 2 # 973 # 1 # ID=187120_1;partial=10;start_type=Edge;rbs_motif=None;rbs_spacer=None;gc_cont=0.561
c_000000496845_18    -          result               -            5.9e-15   62.1   0.0   1.3e-14   60.9   0.0   1.5   1   0   0   1   1   1   1 # 17101 # 19482 # 1 # ID=496845_18;partial=00;start_type=ATG;rbs_motif=GGA/GAG/AGG;rbs_spacer=5-10bp;gc_cont=0.653
c_000000448892_1     -          result               -              6e-15   62.0   0.0   7.7e-15   61.7   0.0   1.1   1   0   0   1   1   1   1 # 48 # 614 # -1 # ID=448892_1;partial=01;start_type=Edge;rbs_motif=None;rbs_spacer=None;gc_cont=0.416
c_000000418954_1     -          result               -            8.3e-15   61.6   0.1   9.9e-15   61.3   0.1   1.0   1   0   0   1   1   1   1 # 3 # 389 # -1 # ID=418954_1;partial=11;start_type=Edge;rbs_motif=None;rbs_spacer=None;gc_cont=0.478
c_000000346794_1     -          result               -            2.7e-14   59.9   0.0   2.9e-14   59.8   0.0   1.0   1   0   0   1   1   1   1 # 77 # 487 # 1 # ID=346794_1;partial=01;start_type=ATG;rbs_motif=AGGAG;rbs_spacer=5-10bp;gc_cont=0.540
c_000001000402_1     -          result               -            4.5e-14   59.2   0.0     5e-14   59.0   0.0   1.0   1   0   0   1   1   1   1 # 1 # 312 # 1 # ID=1000402_1;partial=10;start_type=Edge;rbs_motif=None;rbs_spacer=None;gc_cont=0.506
c_000000807496_1     -          result               -            4.7e-14   59.1   0.0   4.8e-14   59.1   0.0   1.0   1   0   0   1   1   1   1 # 2 # 508 # 1 # ID=807496_1;partial=11;start_type=Edge;rbs_motif=None;rbs_spacer=None;gc_cont=0.515
c_000000175685_1     -          result               -            5.2e-14   59.0   0.1   7.4e-14   58.5   0.1   1.2   1   0   0   1   1   1   1 # 2 # 682 # 1 # ID=175685_1;partial=11;start_type=Edge;rbs_motif=None;rbs_spacer=None;gc_cont=0.558
c_000000354428_1     -          result               -            5.8e-14   58.8   0.0   6.7e-14   58.6   0.0   1.0   1   0   0   1   1   1   1 # 96 # 527 # -1 # ID=354428_1;partial=01;start_type=Edge;rbs_motif=None;rbs_spacer=None;gc_cont=0.681
c_000001194078_1     -          result               -            7.2e-14   58.5   0.0   7.9e-14   58.4   0.0   1.0   1   0   0   1   1   1   1 # 104 # 751 # 1 # ID=1194078_1;partial=01;start_type=ATG;rbs_motif=GGAGG;rbs_spacer=5-10bp;gc_cont=0.681
c_000000429586_2     -          result               -            9.2e-14   58.1   0.0     1e-13   58.0   0.0   1.0   1   0   0   1   1   1   1 # 278 # 586 # -1 # ID=429586_2;partial=01;start_type=Edge;rbs_motif=None;rbs_spacer=None;gc_cont=0.515
c_000001052581_1     -          result               -              1e-13   58.0   0.0   1.2e-13   57.7   0.0   1.0   1   0   0   1   1   1   1 # 2 # 499 # 1 # ID=1052581_1;partial=11;start_type=Edge;rbs_motif=None;rbs_spacer=None;gc_cont=0.544
c_000000304881_2     -          result               -            1.1e-13   57.9   0.0   1.2e-13   57.8   0.0   1.0   1   0   0   1   1   1   1 # 65 # 373 # -1 # ID=304881_2;partial=01;start_type=Edge;rbs_motif=None;rbs_spacer=None;gc_cont=0.511
c_000001169957_1     -          result               -            1.6e-13   57.4   0.0   1.6e-13   57.4   0.0   1.1   1   0   0   1   1   1   1 # 1 # 432 # 1 # ID=1169957_1;partial=11;start_type=Edge;rbs_motif=None;rbs_spacer=None;gc_cont=0.495
c_000000901605_1     -          result               -              2e-13   57.0   0.3   2.4e-13   56.8   0.3   1.1   1   0   0   1   1   1   1 # 2 # 466 # 1 # ID=901605_1;partial=11;start_type=Edge;rbs_motif=None;rbs_spacer=None;gc_cont=0.563
c_000001176009_2     -          result               -            2.1e-13   57.0   0.0   2.1e-13   57.0   0.0   1.0   1   0   0   1   1   1   1 # 237 # 488 # -1 # ID=1176009_2;partial=01;start_type=Edge;rbs_motif=None;rbs_spacer=None;gc_cont=0.492
c_000000569679_1     -          result               -            2.7e-13   56.6   0.0   2.9e-13   56.5   0.0   1.0   1   0   0   1   1   1   1 # 3 # 398 # 1 # ID=569679_1;partial=11;start_type=Edge;rbs_motif=None;rbs_spacer=None;gc_cont=0.523
c_000000435785_2     -          result               -            2.8e-13   56.6   0.2   3.6e-13   56.2   0.2   1.1   1   0   0   1   1   1   1 # 500 # 1081 # 1 # ID=435785_2;partial=01;start_type=ATG;rbs_motif=AGGA;rbs_spacer=5-10bp;gc_cont=0.579
c_000000261297_1     -          result               -            2.9e-13   56.5   0.0   3.1e-13   56.4   0.0   1.0   1   0   0   1   1   1   1 # 3 # 341 # -1 # ID=261297_1;partial=11;start_type=Edge;rbs_motif=None;rbs_spacer=None;gc_cont=0.501
c_000000124080_1     -          result               -            4.3e-13   55.9   0.0   4.8e-13   55.8   0.0   1.0   1   0   0   1   1   1   1 # 2 # 247 # 1 # ID=124080_1;partial=10;start_type=Edge;rbs_motif=None;rbs_spacer=None;gc_cont=0.496
c_000000552422_1     -          result               -            9.7e-13   54.8   0.0   1.1e-12   54.6   0.0   1.1   1   0   0   1   1   1   1 # 2 # 613 # -1 # ID=552422_1;partial=11;start_type=Edge;rbs_motif=None;rbs_spacer=None;gc_cont=0.417
c_000000115185_1     -          result               -            1.1e-12   54.6   0.0   1.2e-12   54.5   0.0   1.0   1   0   0   1   1   1   1 # 2 # 235 # 1 # ID=115185_1;partial=10;start_type=Edge;rbs_motif=None;rbs_spacer=None;gc_cont=0.487
c_000000981850_1     -          result               -            1.2e-12   54.5   0.1   1.4e-12   54.2   0.1   1.1   1   0   0   1   1   1   1 # 1 # 624 # -1 # ID=981850_1;partial=10;start_type=ATG;rbs_motif=None;rbs_spacer=None;gc_cont=0.612
c_000001048272_1     -          result               -            1.6e-12   54.1   0.1   1.9e-12   53.8   0.1   1.0   1   0   0   1   1   1   1 # 3 # 521 # 1 # ID=1048272_1;partial=10;start_type=Edge;rbs_motif=None;rbs_spacer=None;gc_cont=0.497
c_000000976644_1     -          result               -            1.7e-12   54.0   0.0     2e-12   53.7   0.0   1.0   1   0   0   1   1   1   1 # 1 # 489 # 1 # ID=976644_1;partial=10;start_type=Edge;rbs_motif=None;rbs_spacer=None;gc_cont=0.466
c_000000214815_1     -          result               -            1.9e-12   53.9   0.0   2.3e-12   53.5   0.0   1.1   1   0   0   1   1   1   1 # 3 # 323 # -1 # ID=214815_1;partial=11;start_type=Edge;rbs_motif=None;rbs_spacer=None;gc_cont=0.477
c_000000977107_1     -          result               -              2e-12   53.8   0.0   2.2e-12   53.6   0.0   1.0   1   0   0   1   1   1   1 # 3 # 398 # 1 # ID=977107_1;partial=11;start_type=Edge;rbs_motif=None;rbs_spacer=None;gc_cont=0.674
c_000000905679_1     -          result               -            2.7e-12   53.3   0.0   2.9e-12   53.2   0.0   1.0   1   0   0   1   1   1   1 # 1 # 504 # -1 # ID=905679_1;partial=11;start_type=Edge;rbs_motif=None;rbs_spacer=None;gc_cont=0.534
c_000001027010_1     -          result               -            2.8e-12   53.3   0.0     3e-12   53.2   0.0   1.0   1   0   0   1   1   1   1 # 2 # 349 # -1 # ID=1027010_1;partial=10;start_type=ATG;rbs_motif=ATA;rbs_spacer=4bp;gc_cont=0.448
c_000000453194_1     -          result               -            3.1e-12   53.1   0.0   3.1e-12   53.1   0.0   1.0   1   0   0   1   1   1   1 # 1 # 492 # 1 # ID=453194_1;partial=11;start_type=Edge;rbs_motif=None;rbs_spacer=None;gc_cont=0.646
c_000000720221_2     -          result               -            3.6e-12   52.9   0.0     4e-12   52.8   0.0   1.0   1   0   0   1   1   1   1 # 745 # 1056 # -1 # ID=720221_2;partial=01;start_type=Edge;rbs_motif=None;rbs_spacer=None;gc_cont=0.538
c_000000177660_3     -          result               -            3.8e-12   52.8   0.0   4.9e-12   52.5   0.0   1.0   1   0   0   1   1   1   1 # 1281 # 2210 # -1 # ID=177660_3;partial=01;start_type=Edge;rbs_motif=None;rbs_spacer=None;gc_cont=0.644
c_000000641682_1     -          result               -            4.9e-12   52.5   0.0   6.1e-12   52.2   0.0   1.0   1   0   0   1   1   1   1 # 3 # 467 # -1 # ID=641682_1;partial=10;start_type=ATG;rbs_motif=AGGA;rbs_spacer=5-10bp;gc_cont=0.531
c_000001016127_3     -          result               -            6.5e-12   52.1   0.0   7.4e-12   51.9   0.0   1.0   1   0   0   1   1   1   1 # 1715 # 2125 # -1 # ID=1016127_3;partial=01;start_type=Edge;rbs_motif=None;rbs_spacer=None;gc_cont=0.499
c_000000451814_1     -          result               -            6.6e-12   52.0   0.0   6.6e-12   52.0   0.0   1.0   1   0   0   1   1   1   1 # 52 # 282 # -1 # ID=451814_1;partial=01;start_type=Edge;rbs_motif=None;rbs_spacer=None;gc_cont=0.463
c_000000659178_2     -          result               -            6.9e-12   52.0   0.0   8.6e-12   51.7   0.0   1.1   1   0   0   1   1   1   1 # 307 # 924 # 1 # ID=659178_2;partial=01;start_type=ATG;rbs_motif=AAA;rbs_spacer=12bp;gc_cont=0.463
c_000000160990_2     -          result               -              8e-12   51.8   0.0     9e-11   48.3   0.0   2.1   1   1   0   1   1   1   1 # 1177 # 3507 # 1 # ID=160990_2;partial=00;start_type=ATG;rbs_motif=GGAGG;rbs_spacer=5-10bp;gc_cont=0.691
c_000000020917_1     -          result               -            1.9e-11   50.5   0.1   2.2e-11   50.3   0.1   1.0   1   0   0   1   1   1   1 # 3 # 344 # -1 # ID=20917_1;partial=11;start_type=Edge;rbs_motif=None;rbs_spacer=None;gc_cont=0.491
c_000000452459_1     -          result               -            2.3e-11   50.2   0.0   2.6e-11   50.1   0.0   1.0   1   0   0   1   1   1   1 # 1 # 351 # -1 # ID=452459_1;partial=11;start_type=Edge;rbs_motif=None;rbs_spacer=None;gc_cont=0.427
c_000001182480_1     -          result               -            2.8e-11   50.0   0.0   3.4e-11   49.7   0.0   1.1   1   0   0   1   1   1   1 # 1 # 717 # 1 # ID=1182480_1;partial=10;start_type=Edge;rbs_motif=None;rbs_spacer=None;gc_cont=0.647
#
# Program:         hmmsearch
# Version:         3.3.2 (Nov 2020)
# Pipeline mode:   SEARCH
# Query file:      /Users/u0145079/Library/CloudStorage/OneDrive-KULeuven/Desktop/PlasticDaphnia/Plastic_tool/Plastic_tool/motifs/pbat.hmm
# Target file:     ./temps/contigs-fixed.faa
# Option settings: hmmsearch --tblout /Users/u0145079/Library/CloudStorage/OneDrive-KULeuven/Desktop/PlasticDaphnia/Plastic_tool/Plastic_tool/temps/pbat/contigs-fixed.fa_pbat_HMMER.out -T 50.0 --tformat fasta /Users/u0145079/Library/CloudStorage/OneDrive-KULeuven/Desktop/PlasticDaphnia/Plastic_tool/Plastic_tool/motifs/pbat.hmm ./temps/contigs-fixed.faa 
# Current dir:     /Users/u0145079/Library/CloudStorage/OneDrive-KULeuven/Desktop/PlasticDaphnia/Plastic_tool/Plastic_tool
# Date:            Mon Jul  3 16:45:03 2023
# [ok]
