#                                                               --- full sequence ---- --- best 1 domain ---- --- domain number estimation ----
# target name        accession  query name           accession    E-value  score  bias   E-value  score  bias   exp reg clu  ov env dom rep inc description of target
#------------------- ---------- -------------------- ---------- --------- ------ ----- --------- ------ -----   --- --- --- --- --- --- --- --- ---------------------
c_000000740272_2     -          result               -              2e-52  185.4   0.1   2.4e-52  185.1   0.1   1.1   1   0   0   1   1   1   1 # 215 # 1540 # -1 # ID=740272_2;partial=00;start_type=TTG;rbs_motif=None;rbs_spacer=None;gc_cont=0.604
c_000000345395_35    -          result               -            5.5e-31  115.0   0.0   7.4e-31  114.6   0.0   1.1   1   0   0   1   1   1   1 # 29173 # 30477 # -1 # ID=345395_35;partial=00;start_type=ATG;rbs_motif=AGGA;rbs_spacer=5-10bp;gc_cont=0.625
c_000000617847_22    -          result               -            4.2e-27  102.3   0.0   5.7e-27  101.8   0.0   1.1   1   0   0   1   1   1   1 # 18279 # 19424 # -1 # ID=617847_22;partial=01;start_type=Edge;rbs_motif=None;rbs_spacer=None;gc_cont=0.662
c_000000840146_2     -          result               -              6e-27  101.7   0.0   8.2e-27  101.3   0.0   1.1   1   0   0   1   1   1   1 # 539 # 1546 # -1 # ID=840146_2;partial=01;start_type=Edge;rbs_motif=None;rbs_spacer=None;gc_cont=0.523
c_000001010230_1     -          result               -            4.3e-26   98.9   0.0     5e-26   98.7   0.0   1.1   1   0   0   1   1   1   1 # 3 # 1217 # -1 # ID=1010230_1;partial=11;start_type=Edge;rbs_motif=None;rbs_spacer=None;gc_cont=0.562
c_000000571870_2     -          result               -            5.3e-26   98.6   0.1   6.9e-26   98.3   0.1   1.1   1   0   0   1   1   1   1 # 1166 # 2518 # 1 # ID=571870_2;partial=00;start_type=GTG;rbs_motif=GGAG/GAGG;rbs_spacer=5-10bp;gc_cont=0.615
c_000000042307_1     -          result               -            5.4e-26   98.6   0.1   6.7e-26   98.3   0.1   1.0   1   0   0   1   1   1   1 # 106 # 1086 # -1 # ID=42307_1;partial=01;start_type=Edge;rbs_motif=None;rbs_spacer=None;gc_cont=0.696
c_000001290810_39    -          result               -            1.2e-25   97.5   0.0   1.4e-25   97.3   0.0   1.1   1   0   0   1   1   1   1 # 30767 # 31996 # 1 # ID=1290810_39;partial=00;start_type=GTG;rbs_motif=AGxAGG/AGGxGG;rbs_spacer=5-10bp;gc_cont=0.533
c_000000174138_2     -          result               -            5.1e-25   95.4   0.0   7.2e-25   94.9   0.0   1.1   1   0   0   1   1   1   1 # 205 # 1446 # -1 # ID=174138_2;partial=00;start_type=ATG;rbs_motif=GGAG/GAGG;rbs_spacer=5-10bp;gc_cont=0.561
c_000000964748_4     -          result               -            7.4e-25   94.9   0.0     1e-24   94.4   0.0   1.1   1   0   0   1   1   1   1 # 2320 # 3669 # 1 # ID=964748_4;partial=00;start_type=ATG;rbs_motif=GGA/GAG/AGG;rbs_spacer=5-10bp;gc_cont=0.546
c_000000968359_6     -          result               -              1e-24   94.4   0.4   1.4e-24   93.9   0.4   1.1   1   0   0   1   1   1   1 # 5609 # 6823 # -1 # ID=968359_6;partial=00;start_type=GTG;rbs_motif=None;rbs_spacer=None;gc_cont=0.504
c_000000142744_4     -          result               -            2.8e-24   93.0   0.2   3.6e-24   92.6   0.2   1.1   1   0   0   1   1   1   1 # 1287 # 2675 # -1 # ID=142744_4;partial=00;start_type=ATG;rbs_motif=GGA/GAG/AGG;rbs_spacer=5-10bp;gc_cont=0.513
c_000000294939_2     -          result               -            5.4e-24   92.0   0.0   7.3e-24   91.6   0.0   1.1   1   0   0   1   1   1   1 # 279 # 1550 # 1 # ID=294939_2;partial=00;start_type=ATG;rbs_motif=GGAGG;rbs_spacer=5-10bp;gc_cont=0.468
c_000000123926_1     -          result               -            5.8e-24   91.9   0.0   7.8e-24   91.5   0.0   1.1   1   0   0   1   1   1   1 # 1 # 1044 # 1 # ID=123926_1;partial=10;start_type=Edge;rbs_motif=None;rbs_spacer=None;gc_cont=0.459
c_000000418853_1     -          result               -            3.5e-22   86.1   0.0   4.3e-22   85.8   0.0   1.1   1   0   0   1   1   1   1 # 3 # 1064 # -1 # ID=418853_1;partial=10;start_type=GTG;rbs_motif=GGA/GAG/AGG;rbs_spacer=5-10bp;gc_cont=0.663
c_000000976453_1     -          result               -            1.7e-21   83.9   0.0   2.2e-21   83.5   0.0   1.1   1   0   0   1   1   1   1 # 2 # 871 # -1 # ID=976453_1;partial=11;start_type=Edge;rbs_motif=None;rbs_spacer=None;gc_cont=0.624
c_000001066008_1     -          result               -            3.1e-21   83.0   0.0   3.9e-21   82.6   0.0   1.0   1   0   0   1   1   1   1 # 3 # 854 # 1 # ID=1066008_1;partial=11;start_type=Edge;rbs_motif=None;rbs_spacer=None;gc_cont=0.680
c_000001295780_1     -          result               -            7.9e-21   81.7   0.0   9.8e-21   81.3   0.0   1.1   1   0   0   1   1   1   1 # 3 # 1163 # -1 # ID=1295780_1;partial=10;start_type=ATG;rbs_motif=GGAG/GAGG;rbs_spacer=5-10bp;gc_cont=0.623
c_000000152950_1     -          result               -            1.4e-20   80.8   0.0   1.7e-20   80.5   0.0   1.0   1   0   0   1   1   1   1 # 2 # 961 # 1 # ID=152950_1;partial=10;start_type=Edge;rbs_motif=None;rbs_spacer=None;gc_cont=0.566
c_000000714264_1     -          result               -            1.5e-20   80.7   0.0   1.8e-20   80.5   0.0   1.0   1   0   0   1   1   1   1 # 3 # 875 # 1 # ID=714264_1;partial=10;start_type=Edge;rbs_motif=None;rbs_spacer=None;gc_cont=0.664
c_000000847199_3     -          result               -            6.4e-20   78.7   0.0   1.5e-19   77.4   0.0   1.5   1   1   0   1   1   1   1 # 1640 # 2434 # 1 # ID=847199_3;partial=00;start_type=GTG;rbs_motif=None;rbs_spacer=None;gc_cont=0.519
c_000000122153_2     -          result               -              1e-16   68.1   0.0   1.2e-16   67.9   0.0   1.0   1   0   0   1   1   1   1 # 418 # 1167 # -1 # ID=122153_2;partial=01;start_type=Edge;rbs_motif=None;rbs_spacer=None;gc_cont=0.491
c_000000145919_1     -          result               -            1.6e-16   67.5   0.0   1.9e-16   67.3   0.0   1.0   1   0   0   1   1   1   1 # 3 # 806 # 1 # ID=145919_1;partial=10;start_type=Edge;rbs_motif=None;rbs_spacer=None;gc_cont=0.468
c_000000248846_1     -          result               -            2.2e-16   67.0   0.1   6.2e-16   65.6   0.1   1.6   1   1   0   1   1   1   1 # 202 # 1011 # 1 # ID=248846_1;partial=00;start_type=ATG;rbs_motif=None;rbs_spacer=None;gc_cont=0.496
c_000000242292_4     -          result               -            4.7e-16   66.0   0.1   3.4e-09   43.5   0.1   2.1   2   0   0   2   2   2   2 # 2893 # 3714 # 1 # ID=242292_4;partial=00;start_type=ATG;rbs_motif=ATA;rbs_spacer=4bp;gc_cont=0.504
c_000000464462_5     -          result               -            1.6e-15   64.2   0.0   3.8e-15   63.0   0.0   1.5   1   1   0   1   1   1   1 # 3223 # 4002 # -1 # ID=464462_5;partial=01;start_type=Edge;rbs_motif=None;rbs_spacer=None;gc_cont=0.691
#
# Program:         hmmsearch
# Version:         3.3.2 (Nov 2020)
# Pipeline mode:   SEARCH
# Query file:      /Users/u0145079/Library/CloudStorage/OneDrive-KULeuven/Desktop/PlasticDaphnia/Plastic_tool/Plastic_tool/motifs/pha.hmm
# Target file:     ./temps/contigs-fixed.faa
# Option settings: hmmsearch --tblout /Users/u0145079/Library/CloudStorage/OneDrive-KULeuven/Desktop/PlasticDaphnia/Plastic_tool/Plastic_tool/temps/pha/contigs-fixed.fa_pha_HMMER.out -T 60.0 --tformat fasta /Users/u0145079/Library/CloudStorage/OneDrive-KULeuven/Desktop/PlasticDaphnia/Plastic_tool/Plastic_tool/motifs/pha.hmm ./temps/contigs-fixed.faa 
# Current dir:     /Users/u0145079/Library/CloudStorage/OneDrive-KULeuven/Desktop/PlasticDaphnia/Plastic_tool/Plastic_tool
# Date:            Mon Jul  3 16:45:31 2023
# [ok]
